{
  "RSpec": {
    "coverage": {
      "/Users/monsoudzanaty/Documents/focusmate-api/lib/middleware/json_parser_error_handler.rb": {
        "lines": [
          null,
          null,
          1,
          1,
          1,
          6,
          null,
          null,
          1,
          137,
          null,
          null,
          5,
          null,
          null,
          null,
          null,
          null,
          null
        ],
        "branches": {}
      },
      "/Users/monsoudzanaty/Documents/focusmate-api/app/models/user.rb": {
        "lines": [
          null,
          null,
          1,
          1,
          null,
          null,
          null,
          1,
          null,
          null,
          1,
          1,
          1,
          null,
          null,
          1,
          1,
          1,
          1,
          1,
          null,
          1,
          4,
          null,
          null,
          1,
          4,
          null,
          null,
          1,
          0,
          null,
          null,
          1,
          null,
          1,
          480,
          null,
          null,
          480,
          null,
          1,
          null,
          null,
          null,
          1,
          459,
          null,
          null
        ],
        "branches": {
          "[:if, 0, 37, 4, 37, 29]": {
            "[:then, 1, 37, 4, 37, 10]": 0,
            "[:else, 2, 37, 4, 37, 29]": 480
          },
          "[:if, 3, 47, 4, 47, 39]": {
            "[:then, 4, 47, 4, 47, 24]": 0,
            "[:else, 5, 47, 4, 47, 39]": 459
          }
        }
      },
      "/Users/monsoudzanaty/Documents/focusmate-api/app/models/application_record.rb": {
        "lines": [
          1,
          1,
          null
        ],
        "branches": {}
      },
      "/Users/monsoudzanaty/Documents/focusmate-api/app/models/jwt_denylist.rb": {
        "lines": [
          1,
          1,
          null,
          1,
          null
        ],
        "branches": {}
      },
      "/Users/monsoudzanaty/Documents/focusmate-api/app/lib/api_failure_app.rb": {
        "lines": [
          null,
          null,
          null,
          null,
          1,
          1,
          1,
          null,
          1,
          null,
          28,
          null,
          null,
          null,
          null,
          null,
          null,
          28,
          null,
          null,
          null,
          null,
          null,
          null,
          null,
          null
        ],
        "branches": {}
      },
      "/Users/monsoudzanaty/Documents/focusmate-api/app/controllers/api/v1/lists_controller.rb": {
        "lines": [
          null,
          null,
          1,
          1,
          1,
          1,
          1,
          1,
          null,
          null,
          1,
          4,
          null,
          4,
          0,
          0,
          null,
          null,
          4,
          null,
          4,
          5,
          null,
          null,
          null,
          null,
          null,
          1,
          5,
          3,
          null,
          null,
          null,
          1,
          7,
          7,
          5,
          null,
          null,
          null,
          1,
          2,
          1,
          1,
          null,
          null,
          null,
          1,
          3,
          1,
          1,
          null,
          null,
          1,
          null,
          1,
          10,
          null,
          null,
          1,
          8,
          8,
          null,
          null,
          1,
          0,
          null,
          0,
          null,
          null,
          null,
          null
        ],
        "branches": {
          "[:if, 0, 14, 8, 17, 11]": {
            "[:then, 1, 15, 10, 16, 80]": 0,
            "[:else, 2, 14, 8, 17, 11]": 4
          },
          "[:if, 3, 16, 10, 16, 80]": {
            "[:then, 4, 16, 10, 16, 66]": 0,
            "[:else, 5, 16, 10, 16, 80]": 0
          },
          "[:if, 6, 61, 20, 61, 75]": {
            "[:then, 7, 61, 45, 61, 66]": 0,
            "[:else, 8, 61, 69, 61, 75]": 8
          }
        }
      },
      "/Users/monsoudzanaty/Documents/focusmate-api/app/controllers/api/v1/base_controller.rb": {
        "lines": [
          null,
          null,
          1,
          1,
          1,
          1,
          null,
          null,
          null
        ],
        "branches": {}
      },
      "/Users/monsoudzanaty/Documents/focusmate-api/app/controllers/application_controller.rb": {
        "lines": [
          null,
          null,
          1,
          1,
          1,
          null,
          1,
          1,
          null,
          1,
          null,
          1,
          123,
          null,
          null
        ],
        "branches": {}
      },
      "/Users/monsoudzanaty/Documents/focusmate-api/app/controllers/concerns/api/error_handling.rb": {
        "lines": [
          null,
          null,
          1,
          1,
          1,
          null,
          1,
          null,
          1,
          2,
          null,
          null,
          1,
          2,
          null,
          null,
          1,
          0,
          null,
          null,
          1,
          5,
          null,
          null,
          null,
          1,
          null,
          0,
          null,
          null,
          1,
          0,
          0,
          null,
          null,
          null,
          1,
          0,
          null,
          null,
          null,
          1,
          null,
          0,
          null,
          null,
          1,
          0,
          null,
          null,
          1,
          null,
          0,
          null,
          null,
          null,
          1,
          null,
          null,
          2,
          null,
          null,
          1,
          null,
          null,
          0,
          null,
          null,
          null,
          1,
          null,
          1,
          7,
          null,
          null,
          1,
          4,
          null,
          null,
          null,
          null,
          null,
          null,
          null,
          null,
          null
        ],
        "branches": {
          "[:if, 0, 60, 32, 60, 72]": {
            "[:then, 1, 60, 58, 60, 67]": 2,
            "[:else, 2, 60, 70, 60, 72]": 0
          }
        }
      },
      "/Users/monsoudzanaty/Documents/focusmate-api/app/services/auth/login.rb": {
        "lines": [
          null,
          null,
          1,
          1,
          1,
          1,
          1,
          null,
          1,
          0,
          null,
          null,
          1,
          0,
          0,
          null,
          null,
          1,
          0,
          null,
          0,
          null,
          null,
          0,
          0,
          null,
          null,
          0,
          null,
          null,
          null
        ],
        "branches": {
          "[:if, 0, 19, 6, 19, 94]": {
            "[:then, 1, 19, 6, 19, 57]": 0,
            "[:else, 2, 19, 6, 19, 94]": 0
          },
          "[:\"&.\", 3, 24, 13, 24, 45]": {
            "[:then, 4, 24, 13, 24, 45]": 0,
            "[:else, 5, 24, 13, 24, 45]": 0
          },
          "[:unless, 6, 24, 6, 26, 9]": {
            "[:else, 7, 24, 6, 26, 9]": 0,
            "[:then, 8, 25, 8, 25, 55]": 0
          }
        }
      },
      "/Users/monsoudzanaty/Documents/focusmate-api/app/services/auth/register.rb": {
        "lines": [
          null,
          null,
          1,
          1,
          1,
          1,
          null,
          1,
          0,
          null,
          null,
          null,
          null,
          null,
          null,
          null,
          null,
          1,
          null,
          0,
          null,
          null,
          null,
          null,
          null,
          null,
          null,
          1,
          0,
          0,
          null,
          0,
          0,
          0,
          null,
          null,
          null
        ],
        "branches": {
          "[:if, 0, 29, 6, 29, 68]": {
            "[:then, 1, 29, 6, 29, 43]": 0,
            "[:else, 2, 29, 6, 29, 68]": 0
          },
          "[:if, 3, 30, 6, 30, 74]": {
            "[:then, 4, 30, 6, 30, 46]": 0,
            "[:else, 5, 30, 6, 30, 74]": 0
          }
        }
      },
      "/Users/monsoudzanaty/Documents/focusmate-api/app/services/devices/upsert.rb": {
        "lines": [
          null,
          null,
          1,
          1,
          1,
          1,
          null,
          1,
          9,
          null,
          null,
          1,
          9,
          9,
          9,
          null,
          null,
          1,
          9,
          null,
          8,
          8,
          8,
          8,
          8,
          8,
          null,
          null,
          null
        ],
        "branches": {
          "[:if, 0, 19, 6, 19, 65]": {
            "[:then, 1, 19, 6, 19, 48]": 1,
            "[:else, 2, 19, 6, 19, 65]": 8
          },
          "[:if, 3, 24, 6, 24, 77]": {
            "[:then, 4, 24, 6, 24, 40]": 8,
            "[:else, 5, 24, 6, 24, 77]": 0
          }
        }
      },
      "/Users/monsoudzanaty/Documents/focusmate-api/app/services/memberships/create.rb": {
        "lines": [
          null,
          null,
          1,
          1,
          1,
          1,
          1,
          1,
          null,
          1,
          null,
          1,
          0,
          null,
          null,
          1,
          0,
          0,
          0,
          0,
          null,
          null,
          1,
          0,
          0,
          null,
          0,
          0,
          null,
          0,
          0,
          null,
          0,
          null,
          null,
          1,
          null,
          1,
          0,
          0,
          null,
          0,
          null,
          null,
          null,
          null
        ],
        "branches": {
          "[:if, 0, 24, 6, 24, 80]": {
            "[:then, 1, 24, 6, 24, 53]": 0,
            "[:else, 2, 24, 6, 24, 80]": 0
          },
          "[:unless, 3, 25, 6, 25, 75]": {
            "[:else, 4, 25, 6, 25, 75]": 0,
            "[:then, 5, 25, 6, 25, 38]": 0
          },
          "[:unless, 6, 28, 6, 28, 57]": {
            "[:else, 7, 28, 6, 28, 57]": 0,
            "[:then, 8, 28, 6, 28, 38]": 0
          },
          "[:if, 9, 30, 6, 30, 79]": {
            "[:then, 10, 30, 6, 30, 46]": 0,
            "[:else, 11, 30, 6, 30, 79]": 0
          },
          "[:if, 12, 31, 6, 31, 115]": {
            "[:then, 13, 31, 6, 31, 61]": 0,
            "[:else, 14, 31, 6, 31, 115]": 0
          },
          "[:if, 15, 39, 6, 43, 9]": {
            "[:then, 16, 40, 8, 40, 36]": 0,
            "[:else, 17, 42, 8, 42, 48]": 0
          }
        }
      },
      "/Users/monsoudzanaty/Documents/focusmate-api/app/services/memberships/update.rb": {
        "lines": [
          null,
          null,
          1,
          1,
          1,
          1,
          null,
          1,
          null,
          1,
          0,
          null,
          null,
          1,
          0,
          0,
          null,
          null,
          1,
          0,
          0,
          null,
          0,
          0,
          null,
          null,
          null
        ],
        "branches": {
          "[:if, 0, 20, 6, 20, 58]": {
            "[:then, 1, 20, 6, 20, 42]": 0,
            "[:else, 2, 20, 6, 20, 58]": 0
          },
          "[:unless, 3, 21, 6, 21, 75]": {
            "[:else, 4, 21, 6, 21, 75]": 0,
            "[:then, 5, 21, 6, 21, 38]": 0
          }
        }
      },
      "/Users/monsoudzanaty/Documents/focusmate-api/app/services/memberships/destroy.rb": {
        "lines": [
          null,
          null,
          1,
          1,
          1,
          1,
          null,
          1,
          null,
          0,
          0,
          null,
          null,
          0,
          null,
          null,
          null
        ],
        "branches": {
          "[:if, 0, 10, 6, 12, 9]": {
            "[:then, 1, 11, 8, 11, 54]": 0,
            "[:else, 2, 10, 6, 12, 9]": 0
          }
        }
      },
      "/Users/monsoudzanaty/Documents/focusmate-api/app/services/list_creation_service.rb": {
        "lines": [
          null,
          null,
          1,
          1,
          1,
          1,
          11,
          11,
          null,
          null,
          null,
          1,
          18,
          18,
          null,
          null,
          1,
          18,
          16,
          16,
          9,
          null,
          null,
          1,
          null,
          1,
          null,
          18,
          18,
          2,
          null,
          null,
          null,
          1,
          16,
          16,
          null,
          null,
          1,
          16,
          7,
          null,
          null,
          null
        ],
        "branches": {
          "[:if, 0, 29, 4, 31, 7]": {
            "[:then, 1, 30, 6, 30, 79]": 2,
            "[:else, 2, 29, 4, 31, 7]": 16
          },
          "[:unless, 3, 40, 4, 42, 7]": {
            "[:else, 4, 40, 4, 42, 7]": 9,
            "[:then, 5, 41, 6, 41, 74]": 7
          }
        }
      },
      "/Users/monsoudzanaty/Documents/focusmate-api/app/services/list_update_service.rb": {
        "lines": [
          null,
          null,
          1,
          1,
          1,
          1,
          1,
          4,
          4,
          null,
          null,
          null,
          1,
          12,
          12,
          null,
          null,
          1,
          12,
          9,
          7,
          null,
          null,
          1,
          null,
          1,
          12,
          3,
          null,
          null,
          null,
          1,
          9,
          2,
          null,
          null,
          null
        ],
        "branches": {
          "[:unless, 0, 27, 4, 29, 7]": {
            "[:else, 1, 27, 4, 29, 7]": 9,
            "[:then, 2, 28, 6, 28, 77]": 3
          },
          "[:unless, 3, 33, 4, 35, 7]": {
            "[:else, 4, 33, 4, 35, 7]": 7,
            "[:then, 5, 34, 6, 34, 74]": 2
          }
        }
      },
      "/Users/monsoudzanaty/Documents/focusmate-api/app/services/task_update_service.rb": {
        "lines": [
          null,
          null,
          1,
          1,
          1,
          1,
          1,
          4,
          4,
          null,
          null,
          null,
          1,
          13,
          13,
          null,
          null,
          1,
          13,
          11,
          9,
          null,
          null,
          1,
          null,
          1,
          13,
          2,
          null,
          null,
          null,
          1,
          13,
          4,
          3,
          2,
          null,
          null,
          1,
          11,
          2,
          null,
          null,
          null
        ],
        "branches": {
          "[:unless, 0, 27, 4, 29, 7]": {
            "[:else, 1, 27, 4, 29, 7]": 11,
            "[:then, 2, 28, 6, 28, 77]": 2
          },
          "[:if, 3, 33, 4, 33, 49]": {
            "[:then, 4, 33, 4, 33, 15]": 9,
            "[:else, 5, 33, 4, 33, 49]": 4
          },
          "[:if, 6, 34, 4, 34, 47]": {
            "[:then, 7, 34, 4, 34, 15]": 1,
            "[:else, 8, 34, 4, 34, 47]": 3
          },
          "[:if, 9, 35, 4, 35, 84]": {
            "[:then, 10, 35, 4, 35, 15]": 1,
            "[:else, 11, 35, 4, 35, 84]": 2
          },
          "[:unless, 12, 40, 4, 42, 7]": {
            "[:else, 13, 40, 4, 42, 7]": 9,
            "[:then, 14, 41, 6, 41, 74]": 2
          }
        }
      },
      "/Users/monsoudzanaty/Documents/focusmate-api/app/services/task_completion_service.rb": {
        "lines": [
          null,
          null,
          1,
          1,
          null,
          1,
          15,
          15,
          null,
          null,
          1,
          9,
          6,
          6,
          null,
          null,
          1,
          6,
          4,
          4,
          null,
          null,
          1,
          5,
          2,
          null,
          3,
          null,
          null,
          null,
          1,
          null,
          1,
          15,
          null,
          5,
          null,
          null,
          1,
          null,
          15,
          null,
          null,
          8,
          null,
          null,
          6,
          null,
          5,
          null,
          null
        ],
        "branches": {
          "[:if, 0, 24, 4, 28, 7]": {
            "[:then, 1, 25, 6, 25, 17]": 2,
            "[:else, 2, 27, 6, 27, 15]": 3
          },
          "[:if, 3, 34, 4, 34, 30]": {
            "[:then, 4, 34, 4, 34, 10]": 10,
            "[:else, 5, 34, 4, 34, 30]": 5
          },
          "[:if, 6, 41, 4, 41, 49]": {
            "[:then, 7, 41, 4, 41, 15]": 7,
            "[:else, 8, 41, 4, 41, 49]": 8
          },
          "[:if, 9, 44, 4, 44, 47]": {
            "[:then, 10, 44, 4, 44, 15]": 2,
            "[:else, 11, 44, 4, 44, 47]": 6
          },
          "[:if, 12, 47, 4, 47, 68]": {
            "[:then, 13, 47, 4, 47, 15]": 1,
            "[:else, 14, 47, 4, 47, 68]": 5
          }
        }
      },
      "/Users/monsoudzanaty/Documents/focusmate-api/app/controllers/api/v1/tasks_controller.rb": {
        "lines": [
          null,
          null,
          1,
          1,
          1,
          1,
          null,
          1,
          1,
          1,
          1,
          null,
          null,
          1,
          7,
          4,
          null,
          3,
          null,
          null,
          null,
          null,
          null,
          7,
          7,
          7,
          null,
          7,
          8,
          null,
          null,
          null,
          null,
          null,
          null,
          1,
          2,
          null,
          null,
          null,
          1,
          4,
          0,
          null,
          null,
          4,
          null,
          4,
          2,
          null,
          null,
          null,
          1,
          1,
          1,
          null,
          null,
          null,
          1,
          1,
          1,
          null,
          null,
          null,
          1,
          1,
          1,
          null,
          null,
          null,
          1,
          0,
          0,
          null,
          null,
          null,
          1,
          0,
          0,
          null,
          0,
          0,
          null,
          0,
          null,
          null,
          null,
          1,
          0,
          0,
          null,
          null,
          0,
          0,
          null,
          null,
          null,
          1,
          0,
          0,
          null,
          null,
          1,
          null,
          1,
          14,
          null,
          14,
          11,
          11,
          3,
          null,
          null,
          null,
          null,
          1,
          6,
          null,
          null,
          1,
          2,
          0,
          null,
          null,
          null,
          1,
          2,
          0,
          null,
          null,
          null,
          1,
          4,
          null,
          0,
          0,
          0,
          null,
          0,
          null,
          null,
          null,
          1,
          4,
          null,
          null,
          1,
          5,
          0,
          null,
          5,
          null,
          null,
          null,
          1,
          5,
          null,
          null,
          null,
          null,
          null,
          1,
          7,
          null,
          1,
          1,
          0,
          0,
          0,
          null,
          null,
          null,
          1,
          7,
          null,
          null,
          null,
          null,
          null,
          null,
          null,
          null,
          null,
          null,
          null
        ],
        "branches": {
          "[:if, 0, 15, 16, 22, 11]": {
            "[:then, 1, 16, 18, 16, 68]": 4,
            "[:else, 2, 18, 18, 21, 34]": 3
          },
          "[:if, 3, 42, 8, 44, 11]": {
            "[:then, 4, 43, 10, 43, 89]": 0,
            "[:else, 5, 42, 8, 44, 11]": 4
          },
          "[:if, 6, 79, 8, 79, 38]": {
            "[:then, 7, 79, 8, 79, 21]": 0,
            "[:else, 8, 79, 8, 79, 38]": 0
          },
          "[:unless, 9, 89, 8, 91, 11]": {
            "[:else, 10, 89, 8, 91, 11]": 0,
            "[:then, 11, 90, 10, 90, 101]": 0
          },
          "[:if, 12, 108, 8, 113, 11]": {
            "[:then, 13, 109, 10, 112, 13]": 11,
            "[:else, 14, 108, 8, 113, 11]": 3
          },
          "[:unless, 15, 110, 10, 112, 13]": {
            "[:else, 16, 110, 10, 112, 13]": 8,
            "[:then, 17, 111, 12, 111, 80]": 3
          },
          "[:unless, 18, 121, 8, 123, 11]": {
            "[:else, 19, 121, 8, 123, 11]": 2,
            "[:then, 20, 122, 10, 122, 78]": 0
          },
          "[:unless, 21, 127, 8, 129, 11]": {
            "[:else, 22, 127, 8, 129, 11]": 2,
            "[:then, 23, 128, 10, 128, 78]": 0
          },
          "[:\"&.\", 24, 133, 18, 133, 48]": {
            "[:then, 25, 133, 18, 133, 48]": 4,
            "[:else, 26, 133, 18, 133, 48]": 0
          },
          "[:if, 27, 133, 8, 133, 48]": {
            "[:then, 28, 133, 8, 133, 14]": 4,
            "[:else, 29, 133, 8, 133, 48]": 0
          },
          "[:\"&.\", 30, 136, 11, 136, 49]": {
            "[:then, 31, 136, 11, 136, 49]": 0,
            "[:else, 32, 136, 11, 136, 49]": 0
          },
          "[:if, 33, 136, 8, 140, 11]": {
            "[:then, 34, 137, 10, 137, 31]": 0,
            "[:else, 35, 139, 10, 139, 78]": 0
          },
          "[:\"&.\", 36, 144, 8, 144, 58]": {
            "[:then, 37, 144, 8, 144, 58]": 4,
            "[:else, 38, 144, 8, 144, 58]": 0
          },
          "[:if, 39, 148, 8, 152, 11]": {
            "[:then, 40, 149, 10, 149, 65]": 0,
            "[:else, 41, 151, 10, 151, 50]": 5
          },
          "[:unless, 42, 163, 8, 163, 52]": {
            "[:else, 43, 163, 8, 163, 52]": 1,
            "[:then, 44, 163, 8, 163, 20]": 6
          },
          "[:case, 45, 165, 8, 170, 11]": {
            "[:when, 46, 166, 28, 166, 58]": 1,
            "[:when, 47, 167, 38, 167, 65]": 0,
            "[:when, 48, 168, 28, 168, 93]": 0,
            "[:else, 49, 169, 13, 169, 18]": 0
          }
        }
      },
      "/Users/monsoudzanaty/Documents/focusmate-api/app/controllers/concerns/paginatable.rb": {
        "lines": [
          null,
          null,
          1,
          1,
          null,
          1,
          1,
          1,
          null,
          null,
          null,
          null,
          null,
          null,
          null,
          null,
          null,
          1,
          7,
          7,
          null,
          7,
          null,
          7,
          7,
          null,
          null,
          7,
          null,
          null,
          null,
          null,
          7,
          null,
          null,
          null,
          null,
          null,
          null,
          null,
          null,
          null,
          null,
          null,
          null,
          null,
          1,
          7,
          7,
          null,
          null,
          7,
          0,
          null,
          7,
          null,
          null,
          7,
          null,
          null,
          1,
          null,
          1,
          7,
          7,
          null,
          null,
          1,
          7,
          7,
          7,
          null,
          null
        ],
        "branches": {
          "[:if, 0, 49, 10, 49, 76]": {
            "[:then, 1, 49, 41, 49, 54]": 0,
            "[:else, 2, 49, 57, 49, 76]": 7
          },
          "[:if, 3, 52, 6, 56, 9]": {
            "[:then, 4, 53, 8, 53, 44]": 0,
            "[:else, 5, 55, 8, 55, 25]": 7
          },
          "[:if, 6, 65, 4, 65, 30]": {
            "[:then, 7, 65, 18, 65, 19]": 1,
            "[:else, 8, 65, 22, 65, 30]": 6
          },
          "[:if, 9, 70, 4, 70, 36]": {
            "[:then, 10, 70, 4, 70, 25]": 6,
            "[:else, 11, 70, 4, 70, 36]": 1
          }
        }
      },
      "/Users/monsoudzanaty/Documents/focusmate-api/app/models/device.rb": {
        "lines": [
          null,
          null,
          1,
          1,
          null,
          null,
          null,
          null,
          1,
          1,
          1,
          1,
          null,
          null,
          null,
          null,
          116,
          6,
          null,
          1,
          3,
          null,
          null,
          1,
          1,
          null,
          null,
          1,
          2,
          null,
          null,
          null,
          null,
          null,
          3,
          3,
          1,
          3,
          3,
          null,
          null,
          null,
          null,
          1,
          null,
          69,
          null,
          1,
          null,
          1,
          null,
          null,
          null,
          null,
          null,
          null,
          null,
          null,
          null,
          null,
          1,
          1,
          1,
          null,
          null,
          null,
          null,
          null,
          null,
          1,
          1,
          null,
          null,
          null,
          1,
          1,
          1,
          null,
          null,
          1,
          null,
          null,
          null,
          null,
          1,
          1,
          null,
          1,
          1,
          null,
          null,
          1,
          1,
          null,
          null,
          1,
          3,
          2,
          null,
          null,
          null,
          1,
          null,
          1,
          null,
          null,
          null,
          null,
          null,
          null,
          null,
          null,
          null,
          1,
          null,
          1,
          4,
          4,
          null,
          null,
          1,
          1,
          1,
          null,
          null,
          1,
          3,
          2,
          null,
          null,
          null,
          null,
          null,
          1,
          2,
          null,
          null,
          null,
          null,
          null,
          1,
          null,
          1,
          68,
          68,
          68,
          68,
          null,
          null,
          1,
          38,
          null,
          null,
          null,
          1,
          7,
          null,
          null,
          null,
          1,
          1,
          null,
          null,
          1,
          null,
          1,
          68,
          2,
          null,
          null,
          68,
          2,
          null,
          null,
          null
        ],
        "branches": {
          "[:if, 0, 46, 22, 46, 55]": {
            "[:then, 1, 46, 22, 46, 40]": 1,
            "[:else, 2, 46, 22, 46, 55]": 67
          },
          "[:if, 3, 97, 4, 97, 29]": {
            "[:then, 4, 97, 4, 97, 21]": 1,
            "[:else, 5, 97, 4, 97, 29]": 2
          },
          "[:if, 6, 98, 4, 98, 33]": {
            "[:then, 7, 98, 4, 98, 20]": 1,
            "[:else, 8, 98, 4, 98, 33]": 1
          },
          "[:unless, 9, 117, 4, 117, 45]": {
            "[:else, 10, 117, 4, 117, 45]": 4,
            "[:then, 11, 117, 4, 117, 16]": 0
          },
          "[:unless, 12, 122, 4, 122, 30]": {
            "[:else, 13, 122, 4, 122, 30]": 1,
            "[:then, 14, 122, 4, 122, 12]": 0
          },
          "[:unless, 15, 127, 4, 127, 34]": {
            "[:else, 16, 127, 4, 127, 34]": 2,
            "[:then, 17, 127, 4, 127, 20]": 1
          },
          "[:if, 18, 128, 4, 128, 31]": {
            "[:then, 19, 128, 14, 128, 22]": 1,
            "[:else, 20, 128, 25, 128, 31]": 1
          },
          "[:if, 21, 144, 4, 144, 71]": {
            "[:then, 22, 144, 4, 144, 50]": 67,
            "[:else, 23, 144, 4, 144, 71]": 1
          },
          "[:if, 24, 145, 4, 145, 73]": {
            "[:then, 25, 145, 4, 145, 37]": 60,
            "[:else, 26, 145, 4, 145, 73]": 8
          },
          "[:if, 27, 146, 4, 146, 72]": {
            "[:then, 28, 146, 4, 146, 42]": 9,
            "[:else, 29, 146, 4, 146, 72]": 59
          },
          "[:if, 30, 147, 4, 147, 72]": {
            "[:then, 31, 147, 4, 147, 36]": 67,
            "[:else, 32, 147, 4, 147, 72]": 1
          },
          "[:if, 33, 167, 4, 169, 7]": {
            "[:then, 34, 168, 6, 168, 43]": 2,
            "[:else, 35, 167, 4, 169, 7]": 66
          },
          "[:if, 36, 171, 4, 173, 7]": {
            "[:then, 37, 172, 6, 172, 42]": 2,
            "[:else, 38, 171, 4, 173, 7]": 66
          }
        }
      },
      "/Users/monsoudzanaty/Documents/focusmate-api/app/models/list.rb": {
        "lines": [
          null,
          null,
          1,
          1,
          1,
          1,
          1,
          null,
          null,
          372,
          2,
          null,
          null,
          1,
          1,
          1,
          null,
          1,
          1,
          null,
          1,
          293,
          null,
          null,
          null,
          1,
          1,
          1,
          null,
          null,
          1,
          5,
          5,
          6,
          null,
          null,
          null,
          1,
          1,
          null,
          null,
          1,
          35,
          null,
          null,
          null,
          1,
          47,
          16,
          null,
          null,
          1,
          29,
          null,
          null,
          1,
          15,
          null,
          null,
          1,
          17,
          17,
          17,
          null,
          null,
          null,
          1,
          1,
          null,
          null,
          1,
          1,
          null,
          null,
          1,
          1,
          null,
          null
        ],
        "branches": {
          "[:if, 0, 48, 4, 48, 39]": {
            "[:then, 1, 48, 4, 48, 18]": 31,
            "[:else, 2, 48, 4, 48, 39]": 16
          },
          "[:\"&.\", 3, 49, 4, 49, 41]": {
            "[:then, 4, 49, 4, 49, 41]": 11,
            "[:else, 5, 49, 4, 49, 41]": 5
          },
          "[:if, 6, 61, 4, 61, 29]": {
            "[:then, 7, 61, 4, 61, 16]": 0,
            "[:else, 8, 61, 4, 61, 29]": 17
          },
          "[:if, 9, 62, 4, 62, 28]": {
            "[:then, 10, 62, 4, 62, 16]": 0,
            "[:else, 11, 62, 4, 62, 28]": 17
          },
          "[:\"&.\", 12, 72, 4, 72, 44]": {
            "[:then, 13, 72, 4, 72, 44]": 1,
            "[:else, 14, 72, 4, 72, 44]": 0
          }
        }
      },
      "/Users/monsoudzanaty/Documents/focusmate-api/app/models/membership.rb": {
        "lines": [
          1,
          1,
          1,
          null,
          1,
          1,
          null,
          null,
          3,
          3,
          null,
          null,
          1,
          2,
          null,
          null,
          1,
          2,
          null,
          null,
          null,
          1,
          2,
          null,
          null,
          null,
          1,
          2,
          null,
          null
        ],
        "branches": {}
      },
      "/Users/monsoudzanaty/Documents/focusmate-api/app/models/task_event.rb": {
        "lines": [
          null,
          null,
          1,
          1,
          1,
          null,
          null,
          null,
          null,
          1,
          null,
          null,
          null,
          null,
          null,
          null,
          null,
          null,
          null,
          null,
          null,
          1,
          null,
          294,
          1,
          1,
          null,
          293,
          293,
          null,
          null,
          null,
          null,
          1,
          583,
          null,
          null,
          null,
          null,
          null,
          1,
          1,
          null,
          null,
          null,
          null,
          745,
          2,
          null,
          1,
          3,
          null,
          null,
          1,
          1,
          null,
          null,
          1,
          2,
          null,
          null,
          null,
          null,
          null,
          1,
          1,
          1,
          1,
          null,
          null,
          null,
          null,
          null,
          null,
          null,
          null,
          5,
          3,
          3,
          1,
          null,
          null,
          4,
          null,
          null,
          1,
          null,
          null,
          null,
          null,
          1,
          0,
          null,
          null,
          1,
          0,
          null,
          null,
          null,
          null,
          null,
          1,
          null,
          3,
          3,
          3,
          3,
          null,
          null,
          1,
          null,
          1,
          null,
          null,
          null,
          null,
          null,
          null,
          null,
          null,
          null,
          1,
          1,
          1,
          null,
          null,
          1,
          2,
          null,
          null,
          1,
          4,
          1,
          0,
          2,
          1,
          null,
          null,
          null,
          1,
          9,
          2,
          3,
          2,
          1,
          1,
          0,
          0,
          null,
          null,
          null,
          1,
          9,
          null,
          null,
          1,
          4,
          null,
          null,
          1,
          null,
          0,
          null,
          null,
          null,
          null,
          null,
          null,
          1,
          null,
          1,
          null,
          null,
          null,
          null,
          null,
          null,
          null,
          null,
          null,
          1,
          null,
          1,
          null,
          null,
          null,
          null,
          null,
          null,
          null,
          null,
          null,
          null,
          null,
          null,
          1,
          285,
          285,
          null,
          null,
          1,
          null,
          null,
          1,
          273,
          7,
          null,
          null
        ],
        "branches": {
          "[:if, 0, 24, 4, 30, 7]": {
            "[:then, 1, 25, 6, 26, 16]": 1,
            "[:else, 2, 28, 6, 29, 11]": 293
          },
          "[:\"&.\", 3, 105, 34, 105, 58]": {
            "[:then, 4, 105, 34, 105, 58]": 3,
            "[:else, 5, 105, 34, 105, 58]": 0
          },
          "[:if, 6, 105, 4, 105, 80]": {
            "[:then, 7, 105, 4, 105, 30]": 3,
            "[:else, 8, 105, 4, 105, 80]": 0
          },
          "[:if, 9, 106, 4, 106, 45]": {
            "[:then, 10, 106, 4, 106, 26]": 3,
            "[:else, 11, 106, 4, 106, 45]": 0
          },
          "[:if, 12, 123, 4, 123, 28]": {
            "[:then, 13, 123, 4, 123, 12]": 0,
            "[:else, 14, 123, 4, 123, 28]": 1
          },
          "[:case, 15, 132, 4, 137, 7]": {
            "[:when, 16, 133, 39, 133, 45]": 1,
            "[:when, 17, 134, 39, 134, 47]": 0,
            "[:when, 18, 135, 39, 135, 47]": 2,
            "[:else, 19, 136, 39, 136, 44]": 1
          },
          "[:case, 20, 141, 4, 149, 7]": {
            "[:when, 21, 142, 40, 142, 50]": 2,
            "[:when, 22, 143, 40, 143, 52]": 3,
            "[:when, 23, 144, 40, 144, 49]": 2,
            "[:when, 24, 145, 40, 145, 52]": 1,
            "[:when, 25, 146, 40, 146, 48]": 1,
            "[:when, 26, 147, 40, 147, 50]": 0,
            "[:else, 27, 148, 40, 148, 47]": 0
          },
          "[:if, 28, 157, 4, 157, 40]": {
            "[:then, 29, 157, 27, 157, 35]": 4,
            "[:else, 30, 157, 38, 157, 40]": 0
          },
          "[:if, 31, 197, 4, 197, 53]": {
            "[:then, 32, 197, 4, 197, 38]": 284,
            "[:else, 33, 197, 4, 197, 53]": 1
          },
          "[:if, 34, 205, 4, 205, 27]": {
            "[:then, 35, 205, 4, 205, 10]": 266,
            "[:else, 36, 205, 4, 205, 27]": 7
          },
          "[:unless, 37, 206, 4, 206, 76]": {
            "[:else, 38, 206, 4, 206, 76]": 6,
            "[:then, 39, 206, 4, 206, 48]": 1
          }
        }
      },
      "/Users/monsoudzanaty/Documents/focusmate-api/app/models/task.rb": {
        "lines": [
          null,
          null,
          1,
          1,
          1,
          1,
          1,
          1,
          null,
          1,
          1,
          1,
          null,
          null,
          1,
          1,
          null,
          null,
          486,
          null,
          null,
          1,
          1,
          1,
          1,
          1,
          1,
          1,
          null,
          1,
          1,
          1,
          null,
          1,
          1,
          1,
          null,
          null,
          3,
          6,
          1,
          8,
          1,
          2,
          3,
          1,
          1,
          3,
          1,
          1,
          null,
          null,
          1,
          9,
          null,
          null,
          1,
          6,
          null,
          null,
          1,
          1,
          1,
          null,
          null,
          1,
          5,
          null,
          null,
          1,
          2,
          null,
          null,
          1,
          5,
          null,
          null,
          1,
          3,
          null,
          null,
          1,
          0,
          null,
          null,
          1,
          2,
          null,
          null,
          1,
          16,
          16,
          14,
          null,
          null,
          null,
          1,
          1,
          1,
          null,
          null,
          1,
          1,
          null,
          null,
          1,
          null,
          1,
          285,
          null,
          null,
          1,
          209,
          null,
          null,
          1,
          18,
          18,
          18,
          null,
          null,
          1,
          277,
          223,
          222,
          0,
          null,
          null,
          1,
          277,
          18,
          0,
          0,
          null,
          18,
          18,
          18,
          0,
          0,
          null,
          18,
          null,
          null,
          null,
          1,
          277,
          11,
          2,
          null,
          11,
          0,
          null,
          null,
          null
        ],
        "branches": {
          "[:if, 0, 62, 4, 62, 63]": {
            "[:then, 1, 62, 4, 62, 44]": 0,
            "[:else, 2, 62, 4, 62, 63]": 1
          },
          "[:unless, 3, 91, 4, 91, 28]": {
            "[:else, 4, 91, 4, 91, 28]": 16,
            "[:then, 5, 91, 4, 91, 16]": 0
          },
          "[:if, 6, 92, 4, 92, 33]": {
            "[:then, 7, 92, 4, 92, 16]": 2,
            "[:else, 8, 92, 4, 92, 33]": 14
          },
          "[:unless, 9, 98, 4, 98, 35]": {
            "[:else, 10, 98, 4, 98, 35]": 1,
            "[:then, 11, 98, 4, 98, 14]": 0
          },
          "[:if, 12, 109, 4, 109, 48]": {
            "[:then, 13, 109, 4, 109, 28]": 182,
            "[:else, 14, 109, 4, 109, 48]": 103
          },
          "[:unless, 15, 123, 4, 123, 29]": {
            "[:else, 16, 123, 4, 123, 29]": 223,
            "[:then, 17, 123, 4, 123, 10]": 54
          },
          "[:unless, 18, 124, 4, 124, 33]": {
            "[:else, 19, 124, 4, 124, 33]": 222,
            "[:then, 20, 124, 4, 124, 10]": 1
          },
          "[:if, 21, 125, 4, 125, 29]": {
            "[:then, 22, 125, 4, 125, 10]": 222,
            "[:else, 23, 125, 4, 125, 29]": 0
          },
          "[:if, 24, 126, 4, 126, 73]": {
            "[:then, 25, 126, 4, 126, 48]": 0,
            "[:else, 26, 126, 4, 126, 73]": 0
          },
          "[:unless, 27, 130, 4, 130, 41]": {
            "[:else, 28, 130, 4, 130, 41]": 18,
            "[:then, 29, 130, 4, 130, 10]": 259
          },
          "[:if, 30, 131, 4, 134, 7]": {
            "[:then, 31, 132, 6, 133, 12]": 0,
            "[:else, 32, 131, 4, 134, 7]": 18
          },
          "[:while, 33, 136, 4, 142, 7]": {
            "[:body, 34, 137, 6, 141, 35]": 18
          },
          "[:if, 35, 137, 6, 140, 9]": {
            "[:then, 36, 138, 8, 139, 13]": 0,
            "[:else, 37, 137, 6, 140, 9]": 18
          },
          "[:if, 38, 146, 4, 146, 39]": {
            "[:then, 39, 146, 4, 146, 10]": 266,
            "[:else, 40, 146, 4, 146, 39]": 11
          },
          "[:if, 41, 147, 4, 149, 7]": {
            "[:then, 42, 148, 6, 148, 75]": 2,
            "[:else, 43, 147, 4, 149, 7]": 9
          },
          "[:if, 44, 150, 4, 152, 7]": {
            "[:then, 45, 151, 6, 151, 76]": 0,
            "[:else, 46, 150, 4, 152, 7]": 11
          }
        }
      },
      "/Users/monsoudzanaty/Documents/focusmate-api/app/policies/application_policy.rb": {
        "lines": [
          null,
          null,
          1,
          1,
          null,
          1,
          50,
          50,
          null,
          null,
          1,
          1,
          null,
          null,
          1,
          1,
          null,
          null,
          1,
          3,
          null,
          null,
          1,
          1,
          null,
          null,
          1,
          3,
          null,
          null,
          1,
          1,
          null,
          null,
          1,
          1,
          null,
          null,
          1,
          1,
          8,
          8,
          null,
          null,
          1,
          1,
          null,
          null,
          1,
          null,
          1,
          null,
          null
        ],
        "branches": {}
      },
      "/Users/monsoudzanaty/Documents/focusmate-api/app/policies/list_policy.rb": {
        "lines": [
          null,
          null,
          1,
          1,
          1,
          null,
          6,
          6,
          null,
          null,
          null,
          1,
          5,
          null,
          null,
          1,
          7,
          null,
          null,
          1,
          8,
          null,
          null,
          1,
          4,
          null,
          null,
          1,
          5,
          null,
          null,
          null,
          1,
          2,
          null,
          null,
          1,
          null,
          1,
          18,
          null,
          null,
          1,
          4,
          null,
          null
        ],
        "branches": {}
      },
      "/Users/monsoudzanaty/Documents/focusmate-api/app/policies/task_policy.rb": {
        "lines": [
          null,
          null,
          1,
          1,
          5,
          null,
          5,
          0,
          0,
          null,
          null,
          5,
          null,
          null,
          1,
          1,
          1,
          null,
          null,
          1,
          3,
          null,
          null,
          1,
          2,
          null,
          null,
          1,
          2,
          null,
          null,
          1,
          2,
          null,
          null,
          1,
          null,
          1,
          9,
          9,
          null,
          null,
          1,
          1,
          0,
          null,
          null,
          null,
          null,
          0,
          null,
          null,
          0,
          null,
          null,
          null
        ],
        "branches": {
          "[:unless, 0, 5, 4, 5, 30]": {
            "[:else, 1, 5, 4, 5, 30]": 5,
            "[:then, 2, 5, 4, 5, 16]": 0
          },
          "[:if, 3, 7, 4, 10, 7]": {
            "[:then, 4, 8, 6, 9, 43]": 0,
            "[:else, 5, 7, 4, 10, 7]": 5
          },
          "[:unless, 6, 8, 6, 8, 30]": {
            "[:else, 7, 8, 6, 8, 30]": 0,
            "[:then, 8, 8, 6, 8, 18]": 0
          },
          "[:unless, 9, 16, 4, 16, 38]": {
            "[:else, 10, 16, 4, 16, 38]": 1,
            "[:then, 11, 16, 4, 16, 16]": 0
          },
          "[:unless, 12, 39, 4, 39, 38]": {
            "[:else, 13, 39, 4, 39, 38]": 9,
            "[:then, 14, 39, 4, 39, 16]": 0
          }
        }
      },
      "/Users/monsoudzanaty/Documents/focusmate-api/app/services/task_creation_service.rb": {
        "lines": [
          null,
          null,
          1,
          1,
          28,
          28,
          28,
          null,
          null,
          1,
          28,
          28,
          28,
          25,
          25,
          null,
          null,
          1,
          null,
          1,
          28,
          28,
          28,
          28,
          null,
          null,
          1,
          28,
          28,
          28,
          null,
          null,
          1,
          28,
          null,
          null,
          1,
          28,
          21,
          19,
          null,
          null,
          0,
          null,
          null,
          1,
          7,
          7,
          null,
          0,
          null,
          null,
          1,
          18,
          18,
          2,
          null,
          null,
          16,
          null,
          0,
          null,
          null,
          null,
          0,
          null,
          null,
          1,
          28,
          28,
          28,
          28,
          28,
          null,
          null,
          1,
          6,
          6,
          0,
          0,
          0,
          null,
          null,
          null,
          1,
          28,
          28,
          28,
          28,
          28,
          null,
          null,
          1,
          28,
          28,
          null,
          28,
          3,
          null,
          null,
          28,
          null,
          null,
          1,
          6,
          10,
          10,
          null,
          10,
          null,
          null,
          null,
          null,
          null,
          null,
          null,
          null,
          null
        ],
        "branches": {
          "[:if, 0, 14, 4, 14, 50]": {
            "[:then, 1, 14, 4, 14, 29]": 6,
            "[:else, 2, 14, 4, 14, 50]": 19
          },
          "[:if, 3, 28, 4, 28, 62]": {
            "[:then, 4, 28, 4, 28, 35]": 6,
            "[:else, 5, 28, 4, 28, 62]": 22
          },
          "[:if, 6, 29, 4, 29, 75]": {
            "[:then, 7, 29, 4, 29, 41]": 5,
            "[:else, 8, 29, 4, 29, 75]": 23
          },
          "[:if, 9, 38, 4, 38, 55]": {
            "[:then, 10, 38, 4, 38, 35]": 7,
            "[:else, 11, 38, 4, 38, 55]": 21
          },
          "[:if, 12, 39, 4, 39, 56]": {
            "[:then, 13, 39, 4, 39, 35]": 2,
            "[:else, 14, 39, 4, 39, 56]": 19
          },
          "[:if, 15, 40, 4, 40, 52]": {
            "[:then, 16, 40, 4, 40, 33]": 16,
            "[:else, 17, 40, 4, 40, 52]": 3
          },
          "[:if, 18, 47, 4, 47, 26]": {
            "[:then, 19, 47, 4, 47, 14]": 0,
            "[:else, 20, 47, 4, 47, 26]": 7
          },
          "[:if, 21, 54, 4, 54, 26]": {
            "[:then, 22, 54, 4, 54, 14]": 0,
            "[:else, 23, 54, 4, 54, 26]": 18
          },
          "[:case, 24, 55, 4, 63, 7]": {
            "[:when, 25, 56, 19, 56, 33]": 2,
            "[:when, 26, 59, 8, 61, 31]": 16,
            "[:else, 27, 55, 4, 63, 7]": 0
          },
          "[:if, 28, 69, 4, 69, 60]": {
            "[:then, 29, 69, 4, 69, 31]": 10,
            "[:else, 30, 69, 4, 69, 60]": 18
          },
          "[:unless, 31, 70, 4, 70, 98]": {
            "[:else, 32, 70, 4, 70, 98]": 26,
            "[:then, 33, 70, 4, 70, 62]": 2
          },
          "[:unless, 34, 71, 4, 71, 146]": {
            "[:else, 35, 71, 4, 71, 146]": 27,
            "[:then, 36, 71, 4, 71, 94]": 1
          },
          "[:unless, 37, 72, 4, 72, 98]": {
            "[:else, 38, 72, 4, 72, 98]": 26,
            "[:then, 39, 72, 4, 72, 62]": 2
          },
          "[:unless, 40, 73, 4, 73, 92]": {
            "[:else, 41, 73, 4, 73, 92]": 27,
            "[:then, 42, 73, 4, 73, 58]": 1
          },
          "[:case, 43, 77, 4, 82, 7]": {
            "[:when, 44, 78, 26, 78, 31]": 6,
            "[:when, 45, 79, 29, 79, 33]": 0,
            "[:when, 46, 80, 35, 80, 40]": 0,
            "[:else, 47, 81, 9, 81, 14]": 0
          },
          "[:if, 48, 97, 4, 99, 7]": {
            "[:then, 49, 98, 6, 98, 36]": 3,
            "[:else, 50, 97, 4, 99, 7]": 25
          },
          "[:if, 51, 107, 6, 107, 49]": {
            "[:then, 52, 107, 6, 107, 27]": 0,
            "[:else, 53, 107, 6, 107, 49]": 10
          }
        }
      },
      "/Users/monsoudzanaty/Documents/focusmate-api/app/services/task_event_recorder.rb": {
        "lines": [
          1,
          1,
          233,
          null,
          null,
          1,
          231,
          null,
          null,
          null,
          null,
          null,
          null,
          null,
          null,
          1,
          20,
          13,
          7,
          0,
          null,
          20,
          null,
          null,
          1,
          20,
          1,
          1,
          null,
          null,
          null,
          1,
          null,
          1,
          231,
          null,
          null,
          null,
          null,
          null,
          null,
          null,
          null
        ],
        "branches": {
          "[:\"&.\", 0, 8, 20, 8, 36]": {
            "[:then, 1, 8, 20, 8, 36]": 230,
            "[:else, 2, 8, 20, 8, 36]": 0
          },
          "[:case, 3, 17, 11, 21, 7]": {
            "[:when, 4, 18, 24, 18, 34]": 13,
            "[:when, 5, 19, 24, 19, 32]": 7,
            "[:else, 6, 20, 9, 20, 17]": 0
          },
          "[:unless, 7, 26, 4, 26, 80]": {
            "[:else, 8, 26, 4, 26, 80]": 1,
            "[:then, 9, 26, 4, 26, 10]": 19
          },
          "[:if, 10, 27, 4, 29, 7]": {
            "[:then, 11, 28, 6, 28, 46]": 1,
            "[:else, 12, 27, 4, 29, 7]": 0
          }
        }
      },
      "/Users/monsoudzanaty/Documents/focusmate-api/app/services/task_recurrence_service.rb": {
        "lines": [
          1,
          1,
          10,
          null,
          null,
          1,
          5,
          null,
          4,
          4,
          0,
          0,
          0,
          null,
          null,
          null,
          null,
          1,
          3,
          2,
          null,
          2,
          2,
          null,
          2,
          null,
          null,
          null,
          null,
          null,
          null,
          null,
          null,
          null,
          null,
          null,
          null,
          null,
          null,
          null,
          null,
          null,
          null,
          null,
          2,
          null,
          null,
          1,
          null,
          1,
          19,
          null,
          null,
          1,
          4,
          4,
          4,
          4,
          null,
          null,
          1,
          1,
          null,
          1,
          1,
          1,
          3,
          3,
          3,
          null,
          0,
          0,
          null,
          null,
          null,
          null,
          1,
          1,
          null,
          1,
          null,
          null,
          0,
          null,
          1,
          1,
          1,
          null,
          null,
          1,
          1,
          null,
          1,
          null,
          null,
          0,
          null,
          1,
          1,
          1,
          null,
          null
        ],
        "branches": {
          "[:unless, 0, 7, 4, 7, 41]": {
            "[:else, 1, 7, 4, 7, 41]": 4,
            "[:then, 2, 7, 4, 7, 14]": 1
          },
          "[:case, 3, 9, 4, 15, 7]": {
            "[:when, 4, 10, 24, 10, 50]": 4,
            "[:when, 5, 11, 24, 11, 51]": 0,
            "[:when, 6, 12, 24, 12, 52]": 0,
            "[:when, 7, 13, 24, 13, 51]": 0,
            "[:else, 8, 9, 4, 15, 7]": 0
          },
          "[:unless, 9, 19, 4, 19, 41]": {
            "[:else, 10, 19, 4, 19, 41]": 2,
            "[:then, 11, 19, 4, 19, 14]": 1
          },
          "[:if, 12, 20, 4, 20, 96]": {
            "[:then, 13, 20, 4, 20, 14]": 0,
            "[:else, 14, 20, 4, 20, 96]": 2
          },
          "[:unless, 15, 23, 4, 23, 33]": {
            "[:else, 16, 23, 4, 23, 33]": 2,
            "[:then, 17, 23, 4, 23, 14]": 0
          },
          "[:if, 18, 45, 4, 45, 34]": {
            "[:then, 19, 45, 20, 45, 28]": 2,
            "[:else, 20, 45, 4, 45, 34]": 0
          },
          "[:if, 21, 57, 4, 57, 51]": {
            "[:then, 22, 57, 4, 57, 22]": 0,
            "[:else, 23, 57, 4, 57, 51]": 4
          },
          "[:unless, 24, 62, 4, 62, 52]": {
            "[:else, 25, 62, 4, 62, 52]": 1,
            "[:then, 26, 62, 4, 62, 14]": 0
          },
          "[:if, 27, 69, 6, 69, 41]": {
            "[:then, 28, 69, 6, 69, 22]": 1,
            "[:else, 29, 69, 6, 69, 41]": 2
          },
          "[:if, 30, 86, 4, 86, 56]": {
            "[:then, 31, 86, 4, 86, 36]": 0,
            "[:else, 32, 86, 4, 86, 56]": 1
          },
          "[:if, 33, 99, 4, 99, 55]": {
            "[:then, 34, 99, 4, 99, 35]": 0,
            "[:else, 35, 99, 4, 99, 55]": 1
          }
        }
      },
      "/Users/monsoudzanaty/Documents/focusmate-api/app/controllers/api/v1/sessions_controller.rb": {
        "lines": [
          null,
          null,
          1,
          1,
          1,
          1,
          null,
          1,
          null,
          1,
          46,
          null,
          null,
          1,
          1,
          null,
          null,
          null,
          null
        ],
        "branches": {}
      },
      "/Users/monsoudzanaty/Documents/focusmate-api/app/serializers/user_serializer.rb": {
        "lines": [
          null,
          null,
          1,
          1,
          null,
          60,
          null,
          null,
          null,
          null,
          null,
          null,
          null
        ],
        "branches": {}
      },
      "/Users/monsoudzanaty/Documents/focusmate-api/app/controllers/api/v1/devices_controller.rb": {
        "lines": [
          null,
          null,
          1,
          1,
          1,
          1,
          null,
          1,
          3,
          null,
          null,
          null,
          null,
          null,
          null,
          null,
          null,
          null,
          3,
          null,
          null,
          1,
          1,
          1,
          null,
          null,
          1,
          null,
          1,
          2,
          null,
          null,
          1,
          18,
          null,
          null,
          null,
          null,
          null,
          null,
          null,
          null,
          null,
          null,
          null
        ],
        "branches": {}
      },
      "/Users/monsoudzanaty/Documents/focusmate-api/app/serializers/device_serializer.rb": {
        "lines": [
          null,
          null,
          1,
          1,
          3,
          null,
          null,
          1,
          null,
          3,
          null,
          null,
          null,
          null,
          null,
          null,
          null,
          null,
          null,
          null,
          null,
          null
        ],
        "branches": {
          "[:\"&.\", 0, 17, 20, 17, 49]": {
            "[:then, 1, 17, 20, 17, 49]": 3,
            "[:else, 2, 17, 20, 17, 49]": 0
          },
          "[:\"&.\", 3, 18, 18, 18, 45]": {
            "[:then, 4, 18, 18, 18, 45]": 3,
            "[:else, 5, 18, 18, 18, 45]": 0
          },
          "[:\"&.\", 6, 19, 18, 19, 45]": {
            "[:then, 7, 19, 18, 19, 45]": 3,
            "[:else, 8, 19, 18, 19, 45]": 0
          }
        }
      },
      "/Users/monsoudzanaty/Documents/focusmate-api/app/serializers/list_serializer.rb": {
        "lines": [
          null,
          null,
          1,
          1,
          null,
          1,
          14,
          14,
          14,
          null,
          null,
          1,
          null,
          14,
          null,
          null,
          null,
          null,
          null,
          null,
          null,
          null,
          null,
          14,
          3,
          1,
          null,
          null,
          null,
          null,
          null,
          1,
          null,
          1,
          14,
          12,
          2,
          0,
          2,
          2,
          null,
          null,
          null,
          null,
          null
        ],
        "branches": {
          "[:if, 0, 24, 6, 28, 9]": {
            "[:then, 1, 25, 8, 27, 11]": 3,
            "[:else, 2, 24, 6, 28, 9]": 11
          },
          "[:if, 3, 35, 4, 43, 7]": {
            "[:then, 4, 36, 6, 36, 13]": 12,
            "[:else, 5, 37, 4, 42, 9]": 2
          },
          "[:if, 6, 37, 4, 42, 9]": {
            "[:then, 7, 38, 6, 38, 14]": 0,
            "[:else, 8, 39, 4, 42, 9]": 2
          },
          "[:if, 9, 39, 4, 42, 9]": {
            "[:then, 10, 40, 6, 40, 14]": 2,
            "[:else, 11, 39, 4, 42, 9]": 0
          }
        }
      },
      "/Users/monsoudzanaty/Documents/focusmate-api/app/serializers/task_serializer.rb": {
        "lines": [
          null,
          1,
          1,
          null,
          1,
          15,
          15,
          15,
          null,
          null,
          1,
          null,
          15,
          null,
          null,
          null,
          null,
          null,
          null,
          null,
          null,
          null,
          null,
          null,
          null,
          null,
          null,
          null,
          null,
          null,
          null,
          null,
          null,
          null,
          null,
          null,
          null,
          null,
          null,
          null,
          null,
          null,
          null,
          null,
          15,
          null,
          null,
          null,
          null,
          null,
          null,
          null,
          null,
          null,
          null,
          null,
          null,
          null,
          null,
          null,
          null,
          null,
          null,
          null,
          null,
          null,
          null,
          null,
          null,
          null,
          null,
          null,
          null,
          null,
          null,
          null,
          null,
          1,
          null,
          1,
          15,
          15,
          14,
          0,
          null,
          null,
          1,
          null,
          31,
          null,
          0,
          null,
          null,
          1,
          15,
          0,
          null,
          null,
          1,
          15,
          null,
          null,
          1,
          15,
          15,
          null,
          null,
          15,
          null,
          null,
          null,
          null,
          null,
          null,
          1,
          15,
          null,
          null,
          1,
          15,
          0,
          0,
          null,
          null,
          1,
          15,
          0,
          0,
          null,
          null,
          1,
          15,
          null,
          null,
          1,
          15,
          15,
          null,
          null,
          1,
          15,
          null,
          null,
          1,
          30,
          null,
          null,
          1,
          15,
          null,
          null,
          1,
          15,
          0,
          null,
          null,
          1,
          null,
          15,
          1,
          null,
          null,
          null,
          null,
          null
        ],
        "branches": {
          "[:\"&.\", 0, 18, 14, 18, 34]": {
            "[:then, 1, 18, 14, 18, 34]": 15,
            "[:else, 2, 18, 14, 18, 34]": 0
          },
          "[:\"&.\", 3, 42, 25, 42, 53]": {
            "[:then, 4, 42, 25, 42, 53]": 0,
            "[:else, 5, 42, 25, 42, 53]": 15
          },
          "[:\"&.\", 6, 43, 26, 43, 55]": {
            "[:then, 7, 43, 26, 43, 55]": 0,
            "[:else, 8, 43, 26, 43, 55]": 15
          },
          "[:if, 9, 45, 25, 45, 84]": {
            "[:then, 10, 45, 55, 45, 59]": 0,
            "[:else, 11, 45, 62, 45, 84]": 15
          },
          "[:\"&.\", 12, 50, 34, 50, 74]": {
            "[:then, 13, 50, 34, 50, 74]": 0,
            "[:else, 14, 50, 34, 50, 74]": 15
          },
          "[:\"&.\", 15, 51, 33, 51, 72]": {
            "[:then, 16, 51, 33, 51, 72]": 0,
            "[:else, 17, 51, 33, 51, 72]": 15
          },
          "[:if, 18, 81, 4, 81, 44]": {
            "[:then, 19, 81, 4, 81, 12]": 0,
            "[:else, 20, 81, 4, 81, 44]": 15
          },
          "[:if, 21, 82, 4, 82, 32]": {
            "[:then, 22, 82, 4, 82, 12]": 1,
            "[:else, 23, 82, 4, 82, 32]": 14
          },
          "[:if, 24, 83, 4, 83, 62]": {
            "[:then, 25, 83, 4, 83, 12]": 14,
            "[:else, 26, 83, 4, 83, 62]": 0
          },
          "[:unless, 27, 95, 4, 95, 28]": {
            "[:else, 28, 95, 4, 95, 28]": 0,
            "[:then, 29, 95, 4, 95, 12]": 15
          },
          "[:unless, 30, 105, 4, 105, 28]": {
            "[:else, 31, 105, 4, 105, 28]": 15,
            "[:then, 32, 105, 4, 105, 13]": 0
          },
          "[:if, 33, 120, 4, 120, 53]": {
            "[:then, 34, 120, 4, 120, 15]": 15,
            "[:else, 35, 120, 4, 120, 53]": 0
          },
          "[:if, 36, 121, 4, 121, 55]": {
            "[:then, 37, 121, 4, 121, 15]": 0,
            "[:else, 38, 121, 4, 121, 55]": 0
          },
          "[:if, 39, 126, 4, 126, 53]": {
            "[:then, 40, 126, 4, 126, 15]": 15,
            "[:else, 41, 126, 4, 126, 53]": 0
          },
          "[:if, 42, 127, 4, 127, 55]": {
            "[:then, 43, 127, 4, 127, 15]": 0,
            "[:else, 44, 127, 4, 127, 55]": 0
          },
          "[:unless, 45, 136, 4, 136, 36]": {
            "[:else, 46, 136, 4, 136, 36]": 15,
            "[:then, 47, 136, 4, 136, 16]": 0
          },
          "[:if, 48, 153, 4, 153, 36]": {
            "[:then, 49, 153, 4, 153, 12]": 15,
            "[:else, 50, 153, 4, 153, 36]": 0
          },
          "[:if, 51, 159, 4, 163, 7]": {
            "[:then, 52, 160, 6, 160, 59]": 1,
            "[:else, 53, 159, 4, 163, 7]": 14
          },
          "[:\"&.\", 54, 160, 6, 160, 32]": {
            "[:then, 55, 160, 6, 160, 32]": 1,
            "[:else, 56, 160, 6, 160, 32]": 0
          }
        }
      },
      "/Users/monsoudzanaty/Documents/focusmate-api/app/controllers/api/v1/registrations_controller.rb": {
        "lines": [
          null,
          null,
          1,
          1,
          1,
          1,
          null,
          1,
          null,
          1,
          1,
          0,
          null,
          1,
          null,
          null,
          null,
          null,
          null,
          null,
          null,
          null,
          null,
          null,
          null
        ],
        "branches": {
          "[:if, 0, 11, 8, 21, 11]": {
            "[:then, 1, 12, 10, 12, 79]": 0,
            "[:else, 2, 14, 10, 20, 42]": 1
          }
        }
      },
      "/Users/monsoudzanaty/Documents/focusmate-api/app/controllers/api/v1/memberships_controller.rb": {
        "lines": [
          null,
          null,
          1,
          1,
          1,
          1,
          1,
          null,
          1,
          1,
          null,
          null,
          1,
          0,
          null,
          0,
          null,
          null,
          null,
          0,
          null,
          null,
          null,
          1,
          0,
          null,
          0,
          null,
          null,
          null,
          null,
          null,
          null,
          0,
          null,
          null,
          null,
          1,
          0,
          null,
          0,
          null,
          null,
          null,
          null,
          null,
          0,
          null,
          null,
          null,
          1,
          0,
          null,
          0,
          null,
          0,
          null,
          null,
          1,
          null,
          1,
          0,
          null,
          null,
          1,
          0,
          null,
          null,
          1,
          0,
          null,
          null,
          1,
          0,
          null,
          null,
          null,
          null
        ],
        "branches": {}
      },
      "/Users/monsoudzanaty/Documents/focusmate-api/app/controllers/health_controller.rb": {
        "lines": [
          null,
          null,
          1,
          1,
          1,
          null,
          null,
          1,
          2,
          2,
          null,
          null,
          1,
          0,
          0,
          null,
          null,
          1,
          0,
          null,
          null
        ],
        "branches": {}
      },
      "/Users/monsoudzanaty/Documents/focusmate-api/app/services/health/report.rb": {
        "lines": [
          null,
          null,
          1,
          1,
          1,
          null,
          1,
          1,
          null,
          null,
          1,
          0,
          null,
          null,
          1,
          0,
          null,
          null,
          1,
          0,
          0,
          null,
          null,
          0,
          0,
          0,
          0,
          null,
          null,
          null,
          null,
          null,
          1,
          0,
          null,
          null,
          1,
          0,
          0,
          null,
          null,
          0,
          null,
          null,
          null,
          null,
          null,
          0,
          null,
          0,
          null,
          null,
          null,
          null,
          null,
          null,
          null,
          1,
          0,
          null,
          null,
          1,
          0,
          0,
          null,
          null,
          null,
          1,
          0,
          null,
          null,
          1,
          0,
          null,
          null,
          1,
          0,
          null,
          null,
          null
        ],
        "branches": {
          "[:if, 0, 24, 16, 24, 49]": {
            "[:then, 1, 24, 44, 24, 45]": 0,
            "[:else, 2, 24, 48, 24, 49]": 0
          },
          "[:if, 3, 25, 18, 25, 55]": {
            "[:then, 4, 25, 50, 25, 51]": 0,
            "[:else, 5, 25, 54, 25, 55]": 0
          },
          "[:if, 6, 26, 15, 26, 49]": {
            "[:then, 7, 26, 44, 26, 45]": 0,
            "[:else, 8, 26, 48, 26, 49]": 0
          },
          "[:if, 9, 27, 15, 27, 49]": {
            "[:then, 10, 27, 44, 27, 45]": 0,
            "[:else, 11, 27, 48, 27, 49]": 0
          },
          "[:if, 12, 34, 6, 34, 63]": {
            "[:then, 13, 34, 37, 34, 40]": 0,
            "[:else, 14, 34, 43, 34, 63]": 0
          },
          "[:if, 15, 42, 16, 42, 66]": {
            "[:then, 16, 42, 44, 42, 53]": 0,
            "[:else, 17, 42, 56, 42, 66]": 0
          },
          "[:unless, 18, 48, 6, 48, 42]": {
            "[:else, 19, 48, 6, 48, 42]": 0,
            "[:then, 20, 48, 6, 48, 20]": 0
          }
        }
      },
      "/Users/monsoudzanaty/Documents/focusmate-api/app/jobs/application_job.rb": {
        "lines": [
          null,
          null,
          0,
          null,
          0,
          null,
          null,
          0,
          null,
          null,
          0,
          0,
          0,
          0,
          0,
          0,
          0,
          0,
          0,
          null,
          0,
          0,
          0,
          0
        ],
        "branches": {}
      },
      "/Users/monsoudzanaty/Documents/focusmate-api/app/jobs/nudge_job.rb": {
        "lines": [
          null,
          null,
          0,
          0,
          null,
          0,
          null,
          0,
          0,
          0,
          0,
          0,
          null,
          0,
          0,
          0,
          null,
          0,
          0,
          0,
          0,
          0,
          0,
          0,
          null,
          0,
          0,
          0,
          0,
          null,
          0,
          0,
          0,
          null,
          0,
          0,
          0,
          0,
          0
        ],
        "branches": {}
      },
      "/Users/monsoudzanaty/Documents/focusmate-api/app/jobs/overdue_scan_job.rb": {
        "lines": [
          null,
          null,
          0,
          0,
          null,
          0,
          null,
          null,
          null,
          0,
          0,
          0,
          0,
          0,
          0,
          0
        ],
        "branches": {}
      },
      "/Users/monsoudzanaty/Documents/focusmate-api/app/lib/health/checks/base.rb": {
        "lines": [
          null,
          null,
          0,
          0,
          0,
          0,
          0,
          0,
          null,
          0,
          0,
          0,
          0,
          0,
          0,
          0,
          0,
          0,
          0,
          0,
          0,
          0,
          0,
          0,
          0,
          null,
          0,
          0,
          0,
          null,
          0,
          0,
          0,
          null,
          0,
          null,
          0,
          0,
          0,
          null,
          0,
          0,
          0,
          null,
          0,
          0,
          0,
          0,
          0,
          0
        ],
        "branches": {}
      },
      "/Users/monsoudzanaty/Documents/focusmate-api/app/lib/health/checks/database.rb": {
        "lines": [
          null,
          null,
          0,
          0,
          0,
          0,
          null,
          0,
          null,
          0,
          0,
          0,
          0,
          0,
          0,
          0
        ],
        "branches": {}
      },
      "/Users/monsoudzanaty/Documents/focusmate-api/app/lib/health/checks/external_apis.rb": {
        "lines": [
          null,
          null,
          0,
          0,
          0,
          0,
          null,
          0,
          null,
          0,
          null,
          0,
          0,
          0,
          0,
          0
        ],
        "branches": {}
      },
      "/Users/monsoudzanaty/Documents/focusmate-api/app/lib/health/checks/queue.rb": {
        "lines": [
          null,
          null,
          0,
          0,
          0,
          0,
          null,
          0,
          null,
          0,
          0,
          null,
          0,
          0,
          0,
          0,
          0,
          0,
          0,
          0
        ],
        "branches": {}
      },
      "/Users/monsoudzanaty/Documents/focusmate-api/app/lib/health/checks/redis.rb": {
        "lines": [
          null,
          null,
          0,
          0,
          0,
          0,
          null,
          0,
          null,
          0,
          0,
          0,
          0,
          0,
          0,
          null,
          0,
          0,
          null,
          0,
          0,
          0,
          0,
          0,
          0,
          0,
          0,
          0
        ],
        "branches": {}
      },
      "/Users/monsoudzanaty/Documents/focusmate-api/app/lib/health/checks/storage.rb": {
        "lines": [
          null,
          null,
          0,
          0,
          0,
          0,
          null,
          0,
          null,
          0,
          0,
          0,
          0,
          0,
          0,
          0,
          0,
          0,
          0,
          0,
          0
        ],
        "branches": {}
      },
      "/Users/monsoudzanaty/Documents/focusmate-api/app/lib/token_helper.rb": {
        "lines": [
          null,
          null,
          0,
          0,
          null,
          null,
          null,
          null,
          null,
          0,
          0,
          null,
          0,
          null,
          0,
          null,
          null,
          0,
          0,
          0,
          0,
          0
        ],
        "branches": {}
      },
      "/Users/monsoudzanaty/Documents/focusmate-api/app/mailers/application_mailer.rb": {
        "lines": [
          0,
          0,
          0,
          0
        ],
        "branches": {}
      },
      "/Users/monsoudzanaty/Documents/focusmate-api/app/policies/membership_policy.rb": {
        "lines": [
          null,
          null,
          0,
          0,
          0,
          null,
          null,
          0,
          0,
          null,
          0,
          null,
          0,
          0,
          0,
          0,
          0,
          0
        ],
        "branches": {}
      },
      "/Users/monsoudzanaty/Documents/focusmate-api/app/serializers/membership_serializer.rb": {
        "lines": [
          null,
          null,
          0,
          0,
          0,
          0,
          null,
          0,
          0,
          0,
          null,
          0,
          0,
          0,
          0,
          0,
          0,
          0,
          0,
          0,
          null,
          0,
          0
        ],
        "branches": {}
      },
      "/Users/monsoudzanaty/Documents/focusmate-api/app/serializers/notification_serializer.rb": {
        "lines": [
          0,
          0,
          null,
          0,
          0,
          0,
          null,
          0,
          0,
          0,
          0,
          0,
          0,
          0,
          0,
          0,
          0,
          0,
          0,
          0,
          0
        ],
        "branches": {}
      },
      "/Users/monsoudzanaty/Documents/focusmate-api/app/services/apns/client.rb": {
        "lines": [
          null,
          null,
          0,
          0,
          0,
          0,
          0,
          0,
          0,
          null,
          0,
          0,
          0,
          null,
          0,
          0,
          0,
          null,
          0,
          0,
          0,
          0,
          0,
          0,
          null,
          0,
          0,
          0,
          0,
          0,
          0,
          0,
          0,
          null,
          0,
          0,
          null,
          0,
          0,
          0,
          0,
          null,
          null,
          0,
          0,
          null,
          0,
          0,
          0,
          null,
          0,
          0,
          0,
          null,
          0,
          0,
          null,
          0,
          0,
          0,
          0,
          0,
          0,
          0,
          0,
          0,
          null,
          0,
          0,
          null,
          0,
          0,
          0,
          0,
          null,
          0,
          0,
          0,
          null,
          0,
          0,
          0,
          null,
          0,
          0,
          0,
          0,
          0,
          0,
          0,
          0,
          0,
          null,
          0,
          null,
          0,
          null,
          0,
          null,
          0,
          0,
          0,
          null,
          0,
          0,
          0,
          0,
          0,
          0,
          0,
          null,
          0,
          0,
          0,
          0,
          0,
          0,
          0,
          0,
          0,
          0,
          0,
          0,
          null,
          0,
          0,
          0,
          0,
          0,
          0,
          0
        ],
        "branches": {}
      },
      "/Users/monsoudzanaty/Documents/focusmate-api/app/services/health/check_registry.rb": {
        "lines": [
          null,
          null,
          0,
          0,
          0,
          0,
          0,
          0,
          0,
          0,
          0,
          null,
          0,
          0,
          0,
          0,
          0,
          0,
          0,
          0
        ],
        "branches": {}
      },
      "/Users/monsoudzanaty/Documents/focusmate-api/app/services/health/system.rb": {
        "lines": [
          null,
          null,
          0,
          0,
          0,
          0,
          null,
          0,
          0,
          null,
          0,
          0,
          0,
          0,
          null,
          0,
          0,
          0,
          null,
          0,
          0,
          0,
          0,
          null,
          0,
          0,
          null,
          0,
          0,
          0,
          0,
          0,
          0,
          0
        ],
        "branches": {}
      },
      "/Users/monsoudzanaty/Documents/focusmate-api/app/services/notifications/apns_delivery.rb": {
        "lines": [
          null,
          null,
          0,
          0,
          0,
          null,
          0,
          0,
          0,
          null,
          0,
          0,
          0,
          0,
          null,
          0,
          0,
          0,
          null,
          0,
          0,
          0,
          0,
          null,
          0,
          null,
          0,
          0,
          0,
          0,
          0,
          0,
          0,
          0,
          0,
          null,
          0,
          0,
          0,
          0,
          0,
          0,
          0,
          0,
          null,
          0,
          0,
          0,
          0,
          0,
          0,
          0,
          0,
          0,
          0,
          null,
          0,
          0,
          null,
          0,
          null,
          0,
          0,
          0,
          0,
          0,
          0,
          0
        ],
        "branches": {}
      },
      "/Users/monsoudzanaty/Documents/focusmate-api/app/services/notifications/overdue_scanner.rb": {
        "lines": [
          null,
          null,
          0,
          0,
          0,
          null,
          0,
          0,
          0,
          null,
          0,
          0,
          0,
          0,
          0,
          0,
          null,
          0,
          0,
          0,
          null,
          0,
          0,
          0,
          null,
          0,
          0,
          0,
          0,
          null,
          0,
          0,
          0,
          null,
          0,
          null,
          0,
          0,
          null,
          0,
          0,
          0,
          null,
          0,
          null,
          0,
          0,
          0,
          null,
          0,
          0,
          0,
          0,
          0,
          null,
          0,
          0,
          0,
          null,
          0,
          0,
          null,
          null,
          null,
          null,
          null,
          0,
          0,
          null,
          0,
          null,
          0,
          0,
          null,
          0,
          null,
          0,
          0,
          0,
          0,
          0,
          0,
          0,
          null,
          0,
          0,
          0,
          null,
          0,
          0,
          0,
          null,
          0,
          0,
          null,
          0,
          0,
          0,
          0,
          0,
          0
        ],
        "branches": {}
      },
      "/Users/monsoudzanaty/Documents/focusmate-api/app/services/notifications/payloads/task_nudge.rb": {
        "lines": [
          null,
          null,
          0,
          0,
          0,
          0,
          0,
          null,
          0,
          0,
          0,
          0,
          0,
          0,
          0,
          0,
          0,
          0,
          0,
          0,
          0,
          0,
          0,
          0,
          null,
          0,
          0,
          null,
          0,
          0,
          0,
          0,
          0,
          0,
          0,
          0,
          0,
          null,
          0,
          0,
          0,
          0,
          null,
          0,
          0,
          0,
          0
        ],
        "branches": {}
      },
      "/Users/monsoudzanaty/Documents/focusmate-api/app/services/notifications/push_delivery.rb": {
        "lines": [
          null,
          null,
          0,
          0,
          0,
          0,
          0,
          null,
          0,
          0,
          0,
          0,
          0,
          0,
          0,
          null,
          0,
          0,
          0,
          0,
          0,
          0,
          0,
          0,
          0,
          0,
          0,
          0,
          0,
          null,
          0,
          0,
          0
        ],
        "branches": {}
      },
      "/Users/monsoudzanaty/Documents/focusmate-api/app/services/notifications/task_nudge.rb": {
        "lines": [
          null,
          null,
          0,
          0,
          0,
          null,
          0,
          0,
          0,
          null,
          0,
          0,
          0,
          0,
          0,
          null,
          0,
          0,
          0,
          null,
          0,
          0,
          0,
          0,
          0,
          null,
          0,
          null,
          0,
          null,
          0,
          null,
          0,
          0,
          0,
          0,
          0,
          null,
          0,
          null,
          0,
          0,
          0,
          0,
          null,
          0,
          0,
          null,
          0,
          null,
          0,
          0,
          null,
          null,
          0,
          0,
          0,
          0,
          null,
          null,
          0,
          0,
          0,
          null,
          null,
          0,
          0,
          0,
          null,
          0,
          0,
          0,
          0
        ],
        "branches": {}
      },
      "/Users/monsoudzanaty/Documents/focusmate-api/app/workers/cleanup_completed_tasks_worker.rb": {
        "lines": [
          0,
          0,
          null,
          0,
          null,
          0,
          null,
          null,
          null,
          0,
          null,
          null,
          0,
          0,
          0,
          null,
          0,
          null,
          0,
          null,
          null,
          null,
          null,
          null,
          null,
          null,
          0,
          0,
          0
        ],
        "branches": {}
      },
      "/Users/monsoudzanaty/Documents/focusmate-api/app/workers/recurring_task_generator_worker.rb": {
        "lines": [
          0,
          0,
          null,
          0,
          null,
          0,
          0,
          null,
          null,
          0,
          null,
          0,
          null,
          0,
          0,
          0,
          null,
          0,
          0,
          null,
          0,
          null,
          0,
          null,
          0,
          null,
          0,
          null,
          null,
          0,
          0,
          0,
          0,
          null,
          null,
          0,
          0,
          null,
          0,
          0,
          null,
          null,
          0,
          0,
          0,
          null,
          0,
          0,
          0,
          null,
          null,
          0,
          0,
          null,
          null,
          0,
          0,
          0,
          null,
          0,
          0,
          0,
          null,
          0,
          0,
          0,
          0,
          null,
          0,
          null,
          0,
          0,
          0,
          0,
          0,
          0,
          null,
          0,
          0,
          0,
          0,
          0,
          0,
          0,
          0,
          0,
          0,
          0,
          0,
          0,
          0,
          0,
          0,
          0,
          0,
          null,
          0,
          null,
          null,
          0,
          null,
          0,
          0,
          null,
          0,
          0,
          0,
          0,
          0,
          0,
          null,
          null,
          0,
          0,
          0,
          0,
          0,
          null,
          0,
          0,
          0,
          0,
          0,
          0,
          0,
          0,
          0,
          0
        ],
        "branches": {}
      },
      "/Users/monsoudzanaty/Documents/focusmate-api/app/workers/task_completion_handler_worker.rb": {
        "lines": [
          0,
          0,
          null,
          0,
          null,
          0,
          0,
          null,
          0,
          null,
          null,
          0,
          0,
          0,
          0,
          null,
          null,
          0,
          0,
          0,
          0,
          null,
          null,
          0,
          0,
          0,
          0,
          0,
          0,
          null,
          null,
          0,
          0,
          0,
          0,
          0,
          0,
          0,
          null,
          0,
          0,
          0,
          0,
          0,
          0,
          0,
          0
        ],
        "branches": {}
      },
      "/Users/monsoudzanaty/Documents/focusmate-api/app/workers/test_notification_worker.rb": {
        "lines": [
          0,
          0,
          null,
          0,
          null,
          0,
          0,
          null,
          0,
          null,
          0,
          null,
          0,
          0,
          0,
          0
        ],
        "branches": {}
      }
    },
    "timestamp": 1766173591
  }
}
