{
  "RSpec": {
    "coverage": {
      "/Users/monsoudzanaty/Documents/focusmate-api/app/services/apns/client.rb": {
        "lines": [
          null,
          null,
          1,
          1,
          1,
          1,
          1,
          1,
          null,
          1,
          1,
          1,
          null,
          1,
          1,
          1,
          null,
          1,
          null,
          null,
          null,
          null,
          null,
          null,
          1,
          1,
          1,
          1,
          1,
          1,
          null,
          1,
          1,
          null,
          null,
          null,
          null,
          null,
          null,
          null,
          null,
          null,
          null,
          null,
          null,
          null,
          null,
          1,
          null,
          1,
          1,
          null,
          null,
          null,
          null,
          1,
          1,
          null,
          1,
          1,
          null,
          null,
          1,
          1,
          1,
          1,
          null,
          1,
          7,
          1,
          null,
          1,
          0,
          0,
          null,
          0,
          0,
          null,
          0,
          0,
          null,
          null,
          null,
          1,
          null,
          null,
          1,
          null,
          null,
          null,
          1,
          null,
          1,
          1,
          null,
          null,
          1,
          1,
          1,
          null,
          0,
          null,
          1,
          0,
          null,
          1,
          null,
          null,
          1,
          1,
          1,
          1,
          1,
          1,
          1,
          1,
          null,
          1,
          null,
          null,
          null,
          1,
          0,
          null,
          0,
          null,
          null,
          null
        ],
        "branches": {
          "[:if, 0, 56, 6, 56, 52]": {
            "[:then, 1, 56, 6, 56, 41]": 0,
            "[:else, 2, 56, 6, 56, 52]": 1
          },
          "[:if, 3, 57, 6, 57, 86]": {
            "[:then, 4, 57, 6, 57, 49]": 1,
            "[:else, 5, 57, 6, 57, 86]": 0
          },
          "[:if, 6, 76, 6, 81, 9]": {
            "[:then, 7, 77, 8, 77, 58]": 0,
            "[:else, 8, 79, 8, 80, 111]": 0
          },
          "[:if, 9, 94, 6, 94, 82]": {
            "[:then, 10, 94, 31, 94, 59]": 0,
            "[:else, 11, 94, 62, 94, 82]": 1
          },
          "[:if, 12, 98, 12, 102, 9]": {
            "[:then, 13, 99, 8, 99, 41]": 1,
            "[:else, 14, 101, 8, 101, 30]": 0
          },
          "[:unless, 15, 103, 6, 105, 9]": {
            "[:else, 16, 103, 6, 105, 9]": 1,
            "[:then, 17, 104, 8, 104, 102]": 0
          },
          "[:if, 18, 112, 8, 117, 11]": {
            "[:then, 19, 113, 10, 116, 24]": 1,
            "[:else, 20, 112, 8, 117, 11]": 0
          }
        }
      },
      "/Users/monsoudzanaty/Documents/focusmate-api/app/models/user.rb": {
        "lines": [
          1,
          null,
          null,
          1,
          null,
          null,
          null,
          null,
          1,
          null,
          null,
          1,
          1,
          1,
          1,
          1,
          null,
          null,
          1,
          0,
          null,
          null,
          null,
          1,
          1,
          1,
          1,
          1,
          1,
          null,
          null,
          1,
          1,
          1,
          1,
          1,
          1,
          1,
          1,
          1,
          null,
          null,
          null,
          null,
          1,
          0,
          null,
          null,
          null,
          1,
          0,
          null,
          null,
          null,
          1,
          0,
          null,
          null,
          null,
          1,
          0,
          null,
          null,
          null,
          1,
          0,
          null,
          null,
          null,
          1,
          0,
          null,
          null,
          null,
          1,
          0,
          null,
          null,
          null,
          1,
          0,
          null,
          null,
          null,
          null,
          null,
          null,
          1,
          0,
          null,
          null,
          null,
          1,
          0,
          null,
          null,
          null,
          1,
          0,
          null,
          null,
          null,
          1,
          0,
          null,
          null,
          null,
          1,
          0,
          null,
          0,
          null,
          null,
          null,
          1,
          0,
          0,
          null,
          null,
          null,
          null,
          null,
          null,
          null,
          1,
          0,
          0,
          null,
          null,
          null,
          null,
          null,
          null,
          1,
          0,
          null,
          null,
          null,
          null,
          null,
          1,
          0,
          null,
          null,
          null,
          null,
          null,
          1,
          0,
          null,
          null,
          null,
          1,
          0,
          null,
          null,
          null,
          1,
          0,
          null,
          null,
          null,
          1,
          0,
          null,
          null,
          null,
          1,
          0,
          null,
          null,
          null,
          1,
          0,
          null,
          null,
          null,
          1,
          0,
          null,
          null,
          null,
          1,
          0,
          null,
          null,
          null,
          1,
          0,
          null,
          0,
          0,
          null,
          null,
          null,
          null,
          null,
          1,
          null,
          0,
          null,
          null,
          null,
          null,
          null,
          null,
          null,
          null,
          1,
          0,
          null,
          null,
          null,
          null,
          null,
          null,
          null,
          null,
          1,
          0,
          null,
          null,
          null,
          1,
          0,
          null,
          null,
          0,
          0,
          null,
          0,
          null,
          null,
          0,
          null,
          null,
          null,
          null,
          0,
          null,
          null,
          null,
          1,
          51,
          null,
          null,
          1,
          51,
          null,
          null,
          null,
          1,
          null,
          0,
          0,
          null,
          null,
          0,
          0,
          0,
          null,
          null,
          0,
          null,
          null,
          null,
          1,
          0,
          null,
          0,
          null,
          null,
          null,
          1,
          0,
          null,
          0,
          0,
          null,
          null,
          1,
          null,
          1,
          51,
          null,
          null,
          51,
          null,
          51,
          null,
          0,
          null,
          null,
          null,
          null,
          1,
          null,
          0,
          null,
          null,
          0,
          0,
          0,
          0,
          null,
          null,
          0,
          null,
          null,
          0,
          null,
          0,
          null,
          null,
          1,
          51,
          null,
          null,
          1,
          51,
          null,
          null
        ],
        "branches": {
          "[:unless, 0, 109, 4, 109, 40]": {
            "[:else, 1, 109, 4, 109, 40]": 0,
            "[:then, 2, 109, 4, 109, 16]": 0
          },
          "[:unless, 3, 225, 4, 225, 61]": {
            "[:else, 4, 225, 4, 225, 61]": 0,
            "[:then, 5, 225, 4, 225, 16]": 0
          },
          "[:\"&.\", 6, 228, 38, 228, 64]": {
            "[:then, 7, 228, 38, 228, 64]": 0,
            "[:else, 8, 228, 38, 228, 64]": 0
          },
          "[:\"&.\", 9, 229, 39, 229, 66]": {
            "[:then, 10, 229, 39, 229, 66]": 0,
            "[:else, 11, 229, 39, 229, 66]": 0
          },
          "[:unless, 12, 231, 4, 231, 50]": {
            "[:else, 13, 231, 4, 231, 50]": 0,
            "[:then, 14, 231, 4, 231, 16]": 0
          },
          "[:if, 15, 254, 4, 254, 91]": {
            "[:then, 16, 254, 4, 254, 56]": 0,
            "[:else, 17, 254, 4, 254, 91]": 0
          },
          "[:if, 18, 255, 4, 255, 97]": {
            "[:then, 19, 255, 4, 255, 58]": 0,
            "[:else, 20, 255, 4, 255, 97]": 0
          },
          "[:unless, 21, 268, 4, 268, 56]": {
            "[:else, 22, 268, 4, 268, 56]": 0,
            "[:then, 23, 268, 4, 268, 14]": 0
          },
          "[:unless, 24, 275, 4, 275, 58]": {
            "[:else, 25, 275, 4, 275, 58]": 0,
            "[:then, 26, 275, 4, 275, 16]": 0
          },
          "[:if, 27, 284, 4, 284, 29]": {
            "[:then, 28, 284, 4, 284, 10]": 0,
            "[:else, 29, 284, 4, 284, 29]": 51
          },
          "[:if, 30, 316, 4, 316, 39]": {
            "[:then, 31, 316, 4, 316, 24]": 0,
            "[:else, 32, 316, 4, 316, 39]": 51
          }
        }
      },
      "/Users/monsoudzanaty/Documents/focusmate-api/app/models/application_record.rb": {
        "lines": [
          1,
          1,
          null
        ],
        "branches": {}
      },
      "/Users/monsoudzanaty/Documents/focusmate-api/app/models/jwt_denylist.rb": {
        "lines": [
          1,
          1,
          null,
          1,
          null
        ],
        "branches": {}
      },
      "/Users/monsoudzanaty/Documents/focusmate-api/app/controllers/api_failure_app.rb": {
        "lines": [
          null,
          null,
          null,
          1,
          1,
          0,
          null,
          null
        ],
        "branches": {}
      },
      "/Users/monsoudzanaty/Documents/focusmate-api/app/helpers/configuration_helper.rb": {
        "lines": [
          null,
          null,
          1,
          null,
          1,
          0,
          0,
          0,
          0,
          null,
          0,
          null,
          null,
          null,
          null,
          null,
          1,
          0,
          0,
          null,
          0,
          0,
          0,
          null,
          null,
          0,
          null,
          null,
          null,
          1,
          0,
          null,
          null,
          1,
          0,
          null,
          null,
          1,
          0,
          null,
          null,
          null,
          1,
          0,
          0,
          0,
          0,
          0,
          0,
          0,
          null,
          null,
          null,
          null,
          1,
          0,
          null,
          null,
          1,
          0,
          null,
          null,
          1,
          0,
          null,
          null,
          1,
          0,
          null,
          null,
          1,
          0,
          null,
          null,
          1,
          0,
          null,
          null,
          null,
          1,
          0,
          0,
          null,
          null,
          1,
          0,
          0,
          null,
          null,
          1,
          0,
          0,
          null,
          null,
          null,
          1,
          0,
          null,
          0,
          null,
          0,
          null,
          0,
          null,
          0,
          null,
          0,
          null,
          0,
          null,
          null,
          0,
          null,
          null,
          null,
          null,
          1,
          0,
          null,
          null,
          1,
          0,
          null,
          null,
          null,
          1,
          0,
          null,
          null,
          1,
          0,
          null,
          null,
          null,
          1,
          0,
          null,
          null,
          1,
          0,
          null,
          null
        ],
        "branches": {
          "[:if, 0, 8, 6, 12, 9]": {
            "[:then, 1, 9, 8, 9, 118]": 0,
            "[:else, 2, 11, 8, 11, 10]": 0
          },
          "[:unless, 3, 22, 6, 22, 45]": {
            "[:else, 4, 22, 6, 22, 45]": 0,
            "[:then, 5, 22, 6, 22, 20]": 0
          },
          "[:case, 6, 45, 4, 51, 7]": {
            "[:when, 7, 46, 26, 46, 29]": 0,
            "[:when, 8, 47, 26, 47, 29]": 0,
            "[:when, 9, 48, 26, 48, 29]": 0,
            "[:when, 10, 49, 26, 49, 29]": 0,
            "[:else, 11, 50, 9, 50, 12]": 0
          },
          "[:if, 12, 82, 4, 82, 58]": {
            "[:then, 13, 82, 26, 82, 50]": 0,
            "[:else, 14, 82, 53, 82, 58]": 0
          },
          "[:if, 15, 87, 4, 87, 58]": {
            "[:then, 16, 87, 26, 87, 50]": 0,
            "[:else, 17, 87, 53, 87, 58]": 0
          },
          "[:if, 18, 92, 4, 92, 58]": {
            "[:then, 19, 92, 26, 92, 50]": 0,
            "[:else, 20, 92, 53, 92, 58]": 0
          },
          "[:case, 21, 97, 4, 113, 7]": {
            "[:when, 22, 99, 6, 99, 21]": 0,
            "[:when, 23, 101, 6, 101, 19]": 0,
            "[:when, 24, 103, 6, 103, 18]": 0,
            "[:when, 25, 105, 6, 105, 19]": 0,
            "[:when, 26, 107, 6, 107, 20]": 0,
            "[:when, 27, 109, 6, 109, 19]": 0,
            "[:else, 28, 112, 6, 112, 12]": 0
          }
        }
      },
      "/Users/monsoudzanaty/Documents/focusmate-api/app/controllers/api/v1/devices_controller.rb": {
        "lines": [
          null,
          null,
          1,
          1,
          1,
          1,
          1,
          null,
          null,
          1,
          2,
          4,
          null,
          null,
          null,
          1,
          1,
          null,
          null,
          null,
          1,
          27,
          null,
          null,
          27,
          null,
          null,
          27,
          27,
          null,
          null,
          27,
          3,
          3,
          null,
          null,
          27,
          null,
          null,
          null,
          null,
          null,
          null,
          null,
          null,
          null,
          null,
          null,
          21,
          null,
          6,
          null,
          null,
          null,
          1,
          2,
          null,
          2,
          2,
          null,
          2,
          null,
          null,
          null,
          null,
          null,
          null,
          null,
          2,
          null,
          0,
          null,
          null,
          null,
          1,
          1,
          null,
          1,
          null,
          null,
          null,
          null,
          1,
          null,
          0,
          null,
          null,
          null,
          1,
          1,
          1,
          null,
          null,
          null,
          1,
          6,
          3,
          null,
          3,
          null,
          3,
          2,
          null,
          1,
          null,
          null,
          null,
          1,
          null,
          1,
          6,
          null,
          null,
          1,
          1,
          null,
          null,
          null,
          null
        ],
        "branches": {
          "[:if, 0, 28, 16, 28, 108]": {
            "[:then, 1, 28, 54, 28, 80]": 24,
            "[:else, 2, 28, 83, 28, 108]": 3
          },
          "[:if, 3, 29, 48, 29, 103]": {
            "[:then, 4, 29, 86, 29, 91]": 1,
            "[:else, 5, 29, 94, 29, 103]": 1
          },
          "[:if, 6, 32, 8, 35, 11]": {
            "[:then, 7, 33, 10, 34, 26]": 3,
            "[:else, 8, 32, 8, 35, 11]": 24
          },
          "[:if, 9, 101, 8, 105, 11]": {
            "[:then, 10, 102, 10, 102, 29]": 2,
            "[:else, 11, 104, 10, 104, 92]": 1
          }
        }
      },
      "/Users/monsoudzanaty/Documents/focusmate-api/app/controllers/application_controller.rb": {
        "lines": [
          1,
          1,
          1,
          1,
          null,
          1,
          1,
          null,
          null,
          1,
          null,
          null,
          null,
          1,
          null,
          1,
          50,
          null,
          null,
          1,
          49,
          null,
          null,
          49,
          6,
          6,
          null,
          null,
          43,
          null,
          null,
          43,
          0,
          0,
          null,
          null,
          null,
          43,
          0,
          0,
          null,
          null,
          43,
          null,
          43,
          0,
          0,
          null,
          null,
          43,
          null,
          null,
          null,
          43,
          null,
          43,
          0,
          0,
          null,
          null,
          null,
          43,
          0,
          0,
          null,
          null,
          43,
          null,
          0,
          null,
          0,
          null,
          null,
          null,
          1,
          43,
          43,
          null,
          null,
          1,
          53,
          null,
          null,
          null,
          1,
          1,
          0,
          null,
          1,
          null,
          null,
          null
        ],
        "branches": {
          "[:if, 0, 24, 4, 27, 7]": {
            "[:then, 1, 25, 6, 26, 12]": 6,
            "[:else, 2, 24, 4, 27, 7]": 43
          },
          "[:if, 3, 32, 4, 35, 7]": {
            "[:then, 4, 33, 6, 34, 12]": 0,
            "[:else, 5, 32, 4, 35, 7]": 43
          },
          "[:if, 6, 38, 4, 41, 7]": {
            "[:then, 7, 39, 6, 40, 12]": 0,
            "[:else, 8, 38, 4, 41, 7]": 43
          },
          "[:if, 9, 45, 4, 48, 7]": {
            "[:then, 10, 46, 6, 47, 12]": 0,
            "[:else, 11, 45, 4, 48, 7]": 43
          },
          "[:if, 12, 56, 6, 59, 9]": {
            "[:then, 13, 57, 8, 58, 14]": 0,
            "[:else, 14, 56, 6, 59, 9]": 43
          },
          "[:if, 15, 62, 6, 65, 9]": {
            "[:then, 16, 63, 8, 64, 14]": 0,
            "[:else, 17, 62, 6, 65, 9]": 43
          },
          "[:if, 18, 86, 4, 90, 7]": {
            "[:then, 19, 87, 6, 87, 22]": 0,
            "[:else, 20, 89, 6, 89, 86]": 1
          }
        }
      },
      "/Users/monsoudzanaty/Documents/focusmate-api/app/controllers/concerns/error_response_helper.rb": {
        "lines": [
          null,
          null,
          1,
          1,
          null,
          null,
          1,
          null,
          0,
          null,
          null,
          null,
          null,
          null,
          null,
          0,
          null,
          0,
          null,
          null,
          null,
          1,
          0,
          null,
          null,
          null,
          1,
          6,
          null,
          null,
          null,
          1,
          6,
          null,
          null,
          null,
          null,
          null,
          null,
          null,
          null,
          null,
          1,
          0,
          null,
          null,
          null,
          1,
          null,
          0,
          null,
          null,
          null,
          null,
          null,
          null,
          0,
          0,
          null,
          null,
          null,
          null,
          null,
          0,
          null,
          null,
          null,
          1,
          0,
          null,
          null,
          null,
          1,
          0,
          null,
          null,
          null,
          1,
          0,
          null,
          null,
          null,
          1,
          0,
          null,
          null,
          null,
          1,
          0,
          null,
          null
        ],
        "branches": {
          "[:if, 0, 16, 4, 16, 66]": {
            "[:then, 1, 16, 4, 16, 46]": 0,
            "[:else, 2, 16, 4, 16, 66]": 0
          },
          "[:if, 3, 57, 4, 62, 7]": {
            "[:then, 4, 58, 6, 61, 7]": 0,
            "[:else, 5, 57, 4, 62, 7]": 0
          }
        }
      },
      "/Users/monsoudzanaty/Documents/focusmate-api/app/controllers/concerns/error_logging_helper.rb": {
        "lines": [
          null,
          null,
          1,
          1,
          null,
          1,
          1,
          1,
          1,
          1,
          null,
          null,
          1,
          null,
          1,
          0,
          0,
          null,
          null,
          1,
          6,
          6,
          null,
          null,
          1,
          0,
          0,
          null,
          null,
          1,
          0,
          0,
          null,
          null,
          1,
          null,
          6,
          null,
          6,
          null,
          null,
          null,
          null,
          null,
          null,
          6,
          null,
          0,
          null,
          6,
          null,
          0,
          null,
          null,
          null,
          null,
          null,
          null,
          1,
          null,
          6,
          6,
          null,
          null
        ],
        "branches": {
          "[:if, 0, 39, 17, 39, 67]": {
            "[:then, 1, 39, 42, 39, 61]": 0,
            "[:else, 2, 39, 64, 39, 67]": 6
          },
          "[:\"&.\", 3, 40, 15, 40, 31]": {
            "[:then, 4, 40, 15, 40, 31]": 6,
            "[:else, 5, 40, 15, 40, 31]": 0
          },
          "[:case, 6, 46, 4, 53, 7]": {
            "[:when, 7, 48, 6, 48, 59]": 0,
            "[:when, 8, 50, 6, 50, 60]": 6,
            "[:when, 9, 52, 6, 52, 57]": 0,
            "[:else, 10, 46, 4, 53, 7]": 0
          }
        }
      },
      "/Users/monsoudzanaty/Documents/focusmate-api/app/models/device.rb": {
        "lines": [
          null,
          null,
          1,
          1,
          null,
          null,
          null,
          null,
          1,
          1,
          1,
          1,
          null,
          null,
          null,
          null,
          137,
          1,
          null,
          1,
          0,
          null,
          null,
          1,
          0,
          null,
          null,
          1,
          0,
          null,
          null,
          null,
          null,
          null,
          4,
          2,
          1,
          1,
          1,
          null,
          null,
          null,
          null,
          1,
          null,
          50,
          null,
          1,
          null,
          1,
          null,
          null,
          null,
          null,
          null,
          null,
          null,
          null,
          null,
          null,
          1,
          1,
          1,
          null,
          null,
          null,
          null,
          null,
          null,
          1,
          1,
          null,
          null,
          null,
          1,
          1,
          1,
          null,
          null,
          1,
          null,
          null,
          null,
          null,
          1,
          1,
          null,
          1,
          0,
          null,
          null,
          1,
          0,
          null,
          null,
          1,
          0,
          0,
          null,
          null,
          null,
          1,
          null,
          0,
          null,
          null,
          null,
          null,
          null,
          null,
          null,
          null,
          null,
          1,
          null,
          1,
          0,
          0,
          null,
          null,
          1,
          0,
          0,
          null,
          null,
          1,
          0,
          0,
          null,
          null,
          null,
          null,
          null,
          1,
          0,
          null,
          null,
          null,
          null,
          null,
          1,
          null,
          1,
          49,
          49,
          49,
          49,
          null,
          null,
          1,
          40,
          null,
          null,
          null,
          1,
          3,
          null,
          null,
          null,
          1,
          0,
          null,
          null,
          1,
          null,
          1,
          49,
          2,
          null,
          null,
          49,
          1,
          null,
          null,
          null
        ],
        "branches": {
          "[:if, 0, 46, 22, 46, 55]": {
            "[:then, 1, 46, 22, 46, 40]": 0,
            "[:else, 2, 46, 22, 46, 55]": 49
          },
          "[:if, 3, 97, 4, 97, 29]": {
            "[:then, 4, 97, 4, 97, 21]": 0,
            "[:else, 5, 97, 4, 97, 29]": 0
          },
          "[:if, 6, 98, 4, 98, 33]": {
            "[:then, 7, 98, 4, 98, 20]": 0,
            "[:else, 8, 98, 4, 98, 33]": 0
          },
          "[:unless, 9, 117, 4, 117, 45]": {
            "[:else, 10, 117, 4, 117, 45]": 0,
            "[:then, 11, 117, 4, 117, 16]": 0
          },
          "[:unless, 12, 122, 4, 122, 30]": {
            "[:else, 13, 122, 4, 122, 30]": 0,
            "[:then, 14, 122, 4, 122, 12]": 0
          },
          "[:unless, 15, 127, 4, 127, 34]": {
            "[:else, 16, 127, 4, 127, 34]": 0,
            "[:then, 17, 127, 4, 127, 20]": 0
          },
          "[:if, 18, 128, 4, 128, 31]": {
            "[:then, 19, 128, 14, 128, 22]": 0,
            "[:else, 20, 128, 25, 128, 31]": 0
          },
          "[:if, 21, 144, 4, 144, 71]": {
            "[:then, 22, 144, 4, 144, 50]": 49,
            "[:else, 23, 144, 4, 144, 71]": 0
          },
          "[:if, 24, 145, 4, 145, 73]": {
            "[:then, 25, 145, 4, 145, 37]": 49,
            "[:else, 26, 145, 4, 145, 73]": 0
          },
          "[:if, 27, 146, 4, 146, 72]": {
            "[:then, 28, 146, 4, 146, 42]": 14,
            "[:else, 29, 146, 4, 146, 72]": 35
          },
          "[:if, 30, 147, 4, 147, 72]": {
            "[:then, 31, 147, 4, 147, 36]": 49,
            "[:else, 32, 147, 4, 147, 72]": 0
          },
          "[:if, 33, 167, 4, 169, 7]": {
            "[:then, 34, 168, 6, 168, 43]": 2,
            "[:else, 35, 167, 4, 169, 7]": 47
          },
          "[:if, 36, 171, 4, 173, 7]": {
            "[:then, 37, 172, 6, 172, 42]": 1,
            "[:else, 38, 171, 4, 173, 7]": 48
          }
        }
      },
      "/Users/monsoudzanaty/Documents/focusmate-api/app/services/device_management_service.rb": {
        "lines": [
          null,
          null,
          1,
          1,
          35,
          null,
          null,
          1,
          29,
          null,
          29,
          29,
          null,
          null,
          29,
          null,
          null,
          null,
          29,
          null,
          null,
          29,
          23,
          23,
          23,
          null,
          6,
          null,
          6,
          6,
          null,
          null,
          null,
          29,
          29,
          29,
          29,
          29,
          null,
          29,
          23,
          null,
          null,
          null,
          1,
          0,
          0,
          null,
          null,
          1,
          0,
          0,
          null,
          null,
          1,
          0,
          0,
          null,
          null,
          1,
          2,
          null,
          null,
          1,
          1,
          1,
          null,
          null,
          1,
          null,
          3,
          null,
          null,
          null,
          null,
          2,
          null,
          null,
          null,
          null,
          null,
          1,
          null,
          null,
          null,
          null,
          null,
          null
        ],
        "branches": {
          "[:if, 0, 12, 6, 12, 41]": {
            "[:then, 1, 12, 6, 12, 22]": 1,
            "[:else, 2, 12, 6, 12, 41]": 28
          },
          "[:if, 3, 22, 6, 31, 9]": {
            "[:then, 4, 23, 8, 25, 77]": 23,
            "[:else, 5, 27, 8, 30, 77]": 6
          },
          "[:if, 6, 24, 8, 24, 58]": {
            "[:then, 7, 24, 8, 24, 36]": 0,
            "[:else, 8, 24, 8, 24, 58]": 23
          },
          "[:if, 9, 25, 27, 25, 77]": {
            "[:then, 10, 25, 48, 25, 57]": 21,
            "[:else, 11, 25, 60, 25, 77]": 2
          },
          "[:if, 12, 29, 8, 29, 61]": {
            "[:then, 13, 29, 8, 29, 38]": 6,
            "[:else, 14, 29, 8, 29, 61]": 0
          },
          "[:if, 15, 30, 27, 30, 77]": {
            "[:then, 16, 30, 48, 30, 57]": 6,
            "[:else, 17, 30, 60, 30, 77]": 0
          },
          "[:if, 18, 46, 18, 46, 62]": {
            "[:then, 19, 46, 38, 46, 49]": 0,
            "[:else, 20, 46, 52, 46, 62]": 0
          },
          "[:if, 21, 51, 18, 51, 62]": {
            "[:then, 22, 51, 38, 51, 49]": 0,
            "[:else, 23, 51, 52, 51, 62]": 0
          },
          "[:if, 24, 56, 18, 56, 62]": {
            "[:then, 25, 56, 38, 56, 49]": 0,
            "[:else, 26, 56, 52, 56, 62]": 0
          }
        }
      },
      "/Users/monsoudzanaty/Documents/focusmate-api/app/serializers/device_serializer.rb": {
        "lines": [
          1,
          1,
          null,
          1,
          27,
          null,
          null,
          1,
          null,
          27,
          null,
          null,
          null,
          null,
          null,
          null,
          null,
          null,
          null,
          null,
          null,
          null,
          null,
          null,
          null,
          null,
          null,
          null
        ],
        "branches": {
          "[:\"&.\", 0, 19, 20, 19, 48]": {
            "[:then, 1, 19, 20, 19, 48]": 27,
            "[:else, 2, 19, 20, 19, 48]": 0
          }
        }
      },
      "/Users/monsoudzanaty/Documents/focusmate-api/app/services/notification_service.rb": {
        "lines": [
          1,
          1,
          null,
          null,
          null,
          null,
          null,
          1,
          0,
          null,
          0,
          null,
          0,
          null,
          null,
          null,
          null,
          null,
          null,
          null,
          null,
          null,
          null,
          null,
          null,
          null,
          null,
          0,
          null,
          null,
          null,
          null,
          null,
          null,
          null,
          null,
          1,
          0,
          null,
          0,
          0,
          0,
          0,
          null,
          0,
          null,
          null,
          null,
          null,
          null,
          null,
          null,
          null,
          null,
          null,
          null,
          null,
          null,
          0,
          null,
          null,
          null,
          null,
          null,
          null,
          null,
          null,
          null,
          1,
          0,
          0,
          0,
          0,
          null,
          0,
          null,
          null,
          null,
          null,
          null,
          null,
          null,
          null,
          null,
          null,
          null,
          null,
          null,
          0,
          null,
          null,
          null,
          null,
          null,
          null,
          null,
          null,
          null,
          1,
          0,
          null,
          0,
          null,
          null,
          null,
          null,
          null,
          null,
          null,
          null,
          null,
          null,
          null,
          null,
          null,
          null,
          0,
          null,
          null,
          null,
          null,
          null,
          null,
          0,
          null,
          null,
          null,
          1,
          0,
          0,
          null,
          0,
          null,
          null,
          null,
          null,
          null,
          null,
          null,
          null,
          null,
          null,
          null,
          null,
          0,
          null,
          null,
          null,
          null,
          null,
          null,
          null,
          null,
          null,
          null,
          null,
          null,
          null,
          1,
          0,
          null,
          0,
          0,
          0,
          0,
          0,
          0,
          null,
          null,
          null,
          0,
          0,
          0,
          0,
          null,
          null,
          0,
          null,
          0,
          null,
          null,
          null,
          null,
          null,
          null,
          null,
          null,
          null,
          null,
          null,
          null,
          null,
          null,
          null,
          null,
          null,
          0,
          null,
          null,
          null,
          null,
          null,
          null,
          null,
          null,
          null,
          null,
          null,
          null,
          1,
          0,
          null,
          0,
          null,
          null,
          null,
          null,
          null,
          null,
          null,
          null,
          null,
          null,
          null,
          null,
          null,
          null,
          null,
          0,
          null,
          null,
          null,
          null,
          null,
          null,
          null,
          null,
          1,
          0,
          0,
          0,
          0,
          null,
          0,
          null,
          null,
          null,
          null,
          null,
          null,
          null,
          null,
          null,
          null,
          null,
          null,
          null,
          null,
          0,
          null,
          null,
          null,
          null,
          null,
          null,
          null,
          null,
          null,
          null,
          null,
          null,
          1,
          0,
          null,
          0,
          null,
          0,
          null,
          0,
          null,
          0,
          null,
          null,
          0,
          null,
          null,
          null,
          null,
          null,
          null,
          null,
          null,
          null,
          null,
          null,
          null,
          0,
          null,
          null,
          null,
          null,
          null,
          null,
          null,
          null,
          null,
          null,
          null,
          null,
          null,
          null,
          null,
          1,
          0,
          null,
          null,
          0,
          null,
          0,
          null,
          null,
          null,
          null,
          null,
          null,
          null,
          null,
          null,
          null,
          0,
          null,
          null,
          null,
          null,
          null,
          null,
          null,
          null,
          null,
          null,
          null,
          1,
          0,
          0,
          null,
          0,
          null,
          null,
          0,
          0,
          null,
          0,
          null,
          null,
          0,
          null,
          0,
          null,
          null,
          null,
          null,
          null,
          null,
          null,
          null,
          null,
          null,
          null,
          null,
          0,
          null,
          null,
          null,
          null,
          null,
          null,
          null,
          1,
          0,
          0,
          null,
          0,
          null,
          null,
          0,
          0,
          null,
          0,
          null,
          null,
          0,
          null,
          null,
          null,
          null,
          null,
          null,
          null,
          null,
          null,
          null,
          0,
          null,
          null,
          null,
          null,
          null,
          null,
          null,
          1,
          0,
          0,
          null,
          0,
          null,
          null,
          0,
          null,
          null,
          null,
          null,
          null,
          null,
          null,
          null,
          null,
          0,
          null,
          null,
          null,
          null,
          null,
          null,
          null,
          null,
          null,
          null,
          null,
          1,
          0,
          null,
          null,
          null,
          null,
          null,
          null,
          null,
          null,
          null,
          null,
          0,
          null,
          null,
          null,
          null,
          null,
          null,
          null,
          null,
          null,
          null,
          null,
          1,
          0,
          0,
          null,
          0,
          null,
          0,
          null,
          null,
          null,
          null,
          null,
          null,
          null,
          null,
          null,
          null,
          null,
          null,
          null,
          null,
          null,
          null,
          null,
          0,
          null,
          null,
          null,
          null,
          null,
          null,
          null,
          null,
          null,
          null,
          null,
          1,
          null,
          1,
          1,
          null,
          null,
          null,
          null,
          null,
          null,
          null,
          null,
          null,
          null,
          null,
          1,
          0,
          null,
          null,
          null,
          null,
          null,
          null,
          null,
          null,
          null,
          null,
          1,
          null,
          null,
          null,
          null,
          null,
          null,
          null,
          null,
          null,
          null,
          null,
          1,
          null,
          1,
          1,
          1,
          null,
          null,
          null,
          1,
          null,
          null,
          null,
          null,
          null,
          null,
          null,
          null,
          1,
          0,
          null,
          null,
          null,
          null,
          null,
          null,
          null,
          1,
          0,
          null,
          null,
          null,
          1,
          0,
          null,
          null,
          null,
          null,
          1,
          null,
          null,
          null,
          null,
          null,
          null,
          null,
          null,
          1,
          null,
          null,
          1,
          null,
          null,
          null,
          1,
          null,
          null,
          null,
          1,
          1,
          null,
          null,
          1,
          0,
          0,
          1,
          1,
          null,
          null,
          null,
          0,
          0,
          null,
          null,
          null,
          null,
          1,
          0,
          null,
          null,
          null,
          0,
          null,
          null,
          null,
          null,
          null,
          0,
          0,
          null,
          null,
          null,
          null,
          null,
          null,
          null,
          null,
          0,
          null,
          null,
          null,
          null,
          null,
          null,
          null,
          null,
          null,
          null,
          null,
          null,
          0,
          null,
          null,
          0,
          null,
          null,
          null,
          null,
          0,
          null,
          null,
          null,
          null,
          0,
          0,
          null,
          null,
          null,
          null,
          null,
          null,
          null,
          0,
          null,
          0,
          0,
          null,
          null,
          0,
          0,
          0,
          0,
          0,
          null,
          null,
          null,
          0,
          null,
          null,
          0,
          0,
          0,
          null,
          null,
          null,
          1,
          1,
          null,
          null,
          null,
          null,
          null,
          null,
          null,
          null,
          null,
          null,
          null,
          1,
          null,
          null,
          1,
          null,
          1,
          null,
          null,
          null,
          null,
          null,
          null,
          1,
          0,
          0,
          0,
          0,
          0,
          null,
          0,
          null,
          null,
          null
        ],
        "branches": {
          "[:unless, 0, 9, 6, 9, 42]": {
            "[:else, 1, 9, 6, 9, 42]": 0,
            "[:then, 2, 9, 6, 9, 12]": 0
          },
          "[:\"&.\", 3, 21, 18, 21, 38]": {
            "[:then, 4, 21, 18, 21, 38]": 0,
            "[:else, 5, 21, 18, 21, 38]": 0
          },
          "[:unless, 6, 38, 6, 38, 42]": {
            "[:else, 7, 38, 6, 38, 42]": 0,
            "[:then, 8, 38, 6, 38, 12]": 0
          },
          "[:\"&.\", 9, 42, 20, 42, 55]": {
            "[:then, 10, 42, 20, 42, 55]": 0,
            "[:else, 11, 42, 20, 42, 55]": 0
          },
          "[:unless, 12, 42, 8, 42, 55]": {
            "[:else, 13, 42, 8, 42, 55]": 0,
            "[:then, 14, 42, 8, 42, 12]": 0
          },
          "[:unless, 15, 43, 8, 43, 43]": {
            "[:else, 16, 43, 8, 43, 43]": 0,
            "[:then, 17, 43, 8, 43, 12]": 0
          },
          "[:\"&.\", 18, 72, 20, 72, 60]": {
            "[:then, 19, 72, 20, 72, 60]": 0,
            "[:else, 20, 72, 20, 72, 60]": 0
          },
          "[:unless, 21, 72, 8, 72, 60]": {
            "[:else, 22, 72, 8, 72, 60]": 0,
            "[:then, 23, 72, 8, 72, 12]": 0
          },
          "[:unless, 24, 73, 8, 73, 43]": {
            "[:else, 25, 73, 8, 73, 43]": 0,
            "[:then, 26, 73, 8, 73, 12]": 0
          },
          "[:unless, 27, 130, 8, 130, 43]": {
            "[:else, 28, 130, 8, 130, 43]": 0,
            "[:then, 29, 130, 8, 130, 12]": 0
          },
          "[:case, 30, 162, 14, 168, 9]": {
            "[:when, 31, 163, 25, 163, 30]": 0,
            "[:when, 32, 164, 26, 164, 34]": 0,
            "[:when, 33, 165, 27, 165, 33]": 0,
            "[:when, 34, 166, 27, 166, 33]": 0,
            "[:else, 35, 167, 11, 167, 16]": 0
          },
          "[:case, 36, 171, 27, 175, 9]": {
            "[:when, 37, 172, 27, 172, 37]": 0,
            "[:when, 38, 173, 27, 173, 43]": 0,
            "[:else, 39, 174, 11, 174, 19]": 0
          },
          "[:if, 40, 177, 14, 177, 73]": {
            "[:then, 41, 177, 47, 177, 61]": 0,
            "[:else, 42, 177, 64, 177, 73]": 0
          },
          "[:\"&.\", 43, 241, 20, 241, 60]": {
            "[:then, 44, 241, 20, 241, 60]": 0,
            "[:else, 45, 241, 20, 241, 60]": 0
          },
          "[:unless, 46, 241, 8, 241, 60]": {
            "[:else, 47, 241, 8, 241, 60]": 0,
            "[:then, 48, 241, 8, 241, 12]": 0
          },
          "[:unless, 49, 242, 8, 242, 43]": {
            "[:else, 50, 242, 8, 242, 43]": 0,
            "[:then, 51, 242, 8, 242, 12]": 0
          },
          "[:case, 52, 275, 16, 282, 9]": {
            "[:when, 53, 277, 18, 277, 80]": 0,
            "[:when, 54, 279, 18, 279, 83]": 0,
            "[:else, 55, 281, 18, 281, 28]": 0
          },
          "[:unless, 56, 317, 6, 317, 75]": {
            "[:else, 57, 317, 6, 317, 75]": 0,
            "[:then, 58, 317, 6, 317, 12]": 0
          },
          "[:if, 59, 343, 18, 347, 9]": {
            "[:then, 60, 344, 20, 344, 39]": 0,
            "[:else, 61, 346, 20, 346, 38]": 0
          },
          "[:if, 62, 349, 15, 353, 9]": {
            "[:then, 63, 350, 17, 350, 35]": 0,
            "[:else, 64, 352, 17, 352, 36]": 0
          },
          "[:if, 65, 355, 13, 355, 50]": {
            "[:then, 66, 355, 32, 355, 39]": 0,
            "[:else, 67, 355, 42, 355, 50]": 0
          },
          "[:if, 68, 379, 16, 383, 9]": {
            "[:then, 69, 380, 18, 380, 36]": 0,
            "[:else, 70, 382, 18, 382, 37]": 0
          },
          "[:if, 71, 385, 17, 389, 9]": {
            "[:then, 72, 386, 19, 386, 38]": 0,
            "[:else, 73, 388, 19, 388, 37]": 0
          },
          "[:if, 74, 411, 16, 415, 9]": {
            "[:then, 75, 412, 18, 412, 36]": 0,
            "[:else, 76, 414, 18, 414, 37]": 0
          },
          "[:if, 77, 501, 6, 511, 9]": {
            "[:then, 78, 502, 8, 510, 9]": 1,
            "[:else, 79, 501, 6, 511, 9]": 0
          },
          "[:if, 80, 514, 6, 524, 9]": {
            "[:then, 81, 515, 8, 523, 9]": 0,
            "[:else, 82, 514, 6, 524, 9]": 1
          },
          "[:unless, 83, 541, 6, 541, 41]": {
            "[:else, 84, 541, 6, 541, 41]": 1,
            "[:then, 85, 541, 6, 541, 12]": 0
          },
          "[:unless, 86, 542, 6, 542, 40]": {
            "[:else, 87, 542, 6, 542, 40]": 1,
            "[:then, 88, 542, 6, 542, 12]": 0
          },
          "[:if, 89, 555, 6, 561, 9]": {
            "[:then, 90, 556, 8, 560, 9]": 0,
            "[:else, 91, 555, 6, 561, 9]": 1
          },
          "[:if, 92, 564, 6, 566, 9]": {
            "[:then, 93, 565, 8, 565, 63]": 0,
            "[:else, 94, 564, 6, 566, 9]": 1
          },
          "[:if, 95, 569, 6, 571, 9]": {
            "[:then, 96, 570, 8, 570, 41]": 0,
            "[:else, 97, 569, 6, 571, 9]": 1
          },
          "[:if, 98, 591, 22, 591, 39]": {
            "[:then, 99, 591, 33, 591, 35]": 0,
            "[:else, 100, 591, 38, 591, 39]": 1
          },
          "[:if, 101, 599, 10, 604, 13]": {
            "[:then, 102, 600, 12, 601, 26]": 0,
            "[:else, 103, 602, 10, 603, 131]": 1
          },
          "[:if, 104, 602, 10, 603, 131]": {
            "[:then, 105, 603, 12, 603, 131]": 1,
            "[:else, 106, 602, 10, 603, 131]": 0
          },
          "[:unless, 107, 614, 6, 614, 43]": {
            "[:else, 108, 614, 6, 614, 43]": 0,
            "[:then, 109, 614, 6, 614, 12]": 0
          },
          "[:if, 110, 624, 6, 630, 9]": {
            "[:then, 111, 625, 8, 629, 9]": 0,
            "[:else, 112, 624, 6, 630, 9]": 0
          },
          "[:if, 113, 650, 19, 650, 56]": {
            "[:then, 114, 650, 30, 650, 44]": 0,
            "[:else, 115, 650, 47, 650, 56]": 0
          },
          "[:if, 116, 655, 27, 655, 58]": {
            "[:then, 117, 655, 48, 655, 52]": 0,
            "[:else, 118, 655, 55, 655, 58]": 0
          },
          "[:if, 119, 660, 6, 666, 9]": {
            "[:then, 120, 661, 8, 665, 9]": 0,
            "[:else, 121, 660, 6, 666, 9]": 0
          },
          "[:if, 122, 675, 8, 681, 11]": {
            "[:then, 123, 676, 10, 680, 13]": 0,
            "[:else, 124, 675, 8, 681, 11]": 0
          },
          "[:if, 125, 677, 10, 680, 13]": {
            "[:then, 126, 678, 12, 679, 47]": 0,
            "[:else, 127, 677, 10, 680, 13]": 0
          },
          "[:if, 128, 719, 6, 719, 88]": {
            "[:then, 129, 719, 6, 719, 57]": 0,
            "[:else, 130, 719, 6, 719, 88]": 0
          },
          "[:if, 131, 720, 6, 720, 79]": {
            "[:then, 132, 720, 6, 720, 51]": 0,
            "[:else, 133, 720, 6, 720, 79]": 0
          },
          "[:if, 134, 721, 6, 721, 82]": {
            "[:then, 135, 721, 6, 721, 53]": 0,
            "[:else, 136, 721, 6, 721, 82]": 0
          }
        }
      },
      "/Users/monsoudzanaty/Documents/focusmate-api/app/models/task.rb": {
        "lines": [
          1,
          null,
          1,
          1,
          1,
          null,
          1,
          1,
          1,
          1,
          null,
          1,
          1,
          1,
          1,
          1,
          null,
          null,
          1,
          1,
          null,
          null,
          1,
          null,
          1,
          0,
          0,
          0,
          null,
          0,
          null,
          null,
          null,
          1,
          0,
          0,
          0,
          null,
          0,
          null,
          null,
          null,
          null,
          2,
          null,
          null,
          1,
          1,
          1,
          1,
          null,
          null,
          1,
          1,
          1,
          1,
          null,
          1,
          1,
          1,
          null,
          1,
          0,
          0,
          null,
          null,
          1,
          1,
          1,
          1,
          1,
          null,
          null,
          1,
          1,
          1,
          1,
          1,
          1,
          1,
          1,
          1,
          1,
          1,
          1,
          1,
          1,
          0,
          0,
          null,
          0,
          null,
          null,
          1,
          1,
          1,
          1,
          1,
          1,
          1,
          null,
          null,
          1,
          null,
          0,
          null,
          null,
          1,
          null,
          0,
          null,
          null,
          null,
          1,
          1,
          1,
          null,
          null,
          1,
          0,
          0,
          null,
          null,
          null,
          null,
          null,
          null,
          null,
          1,
          0,
          null,
          null,
          1,
          0,
          0,
          null,
          null,
          1,
          0,
          0,
          0,
          0,
          null,
          null,
          1,
          0,
          null,
          null,
          1,
          null,
          1,
          0,
          0,
          0,
          null,
          null,
          1,
          0,
          0,
          0,
          null,
          0,
          0,
          0,
          null,
          null,
          1,
          0,
          null,
          null,
          1,
          0,
          0,
          null,
          null,
          1,
          0,
          null,
          null,
          1,
          1,
          1,
          null,
          1,
          0,
          0,
          null,
          null,
          1,
          0,
          0,
          0,
          null,
          null,
          1,
          0,
          0,
          null,
          null,
          null,
          null,
          null,
          null,
          null,
          1,
          0,
          0,
          null,
          null,
          1,
          1,
          1,
          1,
          1,
          1,
          1,
          1,
          null,
          null,
          1,
          0,
          0,
          null,
          null,
          1,
          0,
          null,
          null,
          1,
          null,
          null,
          null,
          0,
          null,
          1,
          null,
          1,
          0,
          null,
          1,
          null,
          1,
          0,
          0,
          null,
          null,
          1,
          0,
          null,
          null,
          1,
          0,
          0,
          null,
          null,
          1,
          0,
          0,
          null,
          null,
          1,
          0,
          0,
          null,
          null,
          1,
          0,
          0,
          0,
          null,
          null,
          1,
          0,
          0,
          null,
          null,
          1,
          0,
          0,
          0,
          0,
          null,
          null,
          0,
          null,
          null,
          0,
          null,
          null,
          0,
          null,
          null,
          0,
          null,
          null,
          0,
          null,
          null,
          0,
          null,
          null,
          null,
          null,
          1,
          0,
          0,
          0,
          0,
          0,
          0,
          null,
          null,
          null,
          null,
          1,
          0,
          0,
          null,
          0,
          0,
          null,
          0,
          null,
          null,
          null,
          null,
          null,
          null,
          null,
          null,
          null,
          null,
          null,
          null,
          null,
          null,
          null,
          null,
          null,
          null,
          null,
          null,
          0,
          null,
          null,
          null,
          1,
          0,
          0,
          null,
          null,
          null,
          null,
          null,
          null,
          null,
          1,
          0,
          0,
          0,
          0,
          0,
          null,
          null,
          null,
          1,
          null,
          1,
          0,
          null,
          null,
          1,
          0,
          null,
          null,
          null,
          null,
          null,
          null,
          null,
          null,
          1,
          0,
          0,
          null,
          null,
          null,
          1,
          0,
          null,
          null,
          0,
          0,
          0,
          null,
          null,
          null,
          1,
          0,
          0,
          0,
          0,
          null,
          0,
          null,
          null,
          1,
          0,
          0,
          null,
          null,
          null,
          1,
          0,
          0,
          0,
          0,
          null,
          null,
          1,
          0,
          0,
          0,
          0,
          null,
          0,
          0,
          0,
          0,
          0,
          null,
          0,
          null,
          null,
          null,
          null,
          1,
          0,
          null,
          null,
          null,
          1,
          0,
          0,
          0,
          0,
          0,
          null,
          null,
          null,
          1,
          0,
          0,
          null,
          null,
          null,
          null,
          1,
          0,
          0,
          0,
          0,
          0,
          null,
          null,
          1,
          0,
          0,
          0,
          0,
          0,
          0,
          0,
          0,
          null,
          null,
          0,
          0,
          null,
          null,
          null,
          null,
          1,
          0,
          0,
          0,
          0,
          0,
          0,
          null,
          null,
          1,
          0,
          0,
          0,
          null,
          0,
          0,
          0,
          null,
          null,
          null,
          1,
          0,
          0,
          0,
          0,
          0,
          0,
          0,
          0,
          0,
          null,
          null
        ],
        "branches": {
          "[:if, 0, 26, 4, 31, 7]": {
            "[:then, 1, 27, 6, 28, 16]": 0,
            "[:else, 2, 30, 6, 30, 11]": 0
          },
          "[:if, 3, 35, 4, 40, 7]": {
            "[:then, 4, 36, 6, 37, 16]": 0,
            "[:else, 5, 39, 6, 39, 11]": 0
          },
          "[:if, 6, 63, 4, 63, 83]": {
            "[:then, 7, 63, 4, 63, 54]": 0,
            "[:else, 8, 63, 4, 63, 83]": 0
          },
          "[:if, 9, 64, 4, 64, 87]": {
            "[:then, 10, 64, 4, 64, 58]": 0,
            "[:else, 11, 64, 4, 64, 87]": 0
          },
          "[:if, 12, 88, 4, 92, 7]": {
            "[:then, 13, 89, 6, 89, 60]": 0,
            "[:else, 14, 91, 6, 91, 40]": 0
          },
          "[:\"&.\", 15, 121, 4, 126, 5]": {
            "[:then, 16, 121, 4, 126, 5]": 0,
            "[:else, 17, 121, 4, 126, 5]": 0
          },
          "[:if, 18, 134, 4, 134, 63]": {
            "[:then, 19, 134, 4, 134, 44]": 0,
            "[:else, 20, 134, 4, 134, 63]": 0
          },
          "[:if, 21, 139, 4, 139, 28]": {
            "[:then, 22, 139, 4, 139, 16]": 0,
            "[:else, 23, 139, 4, 139, 28]": 0
          },
          "[:if, 24, 141, 4, 141, 73]": {
            "[:then, 25, 141, 4, 141, 65]": 0,
            "[:else, 26, 141, 4, 141, 73]": 0
          },
          "[:unless, 27, 152, 4, 152, 44]": {
            "[:else, 28, 152, 4, 152, 44]": 0,
            "[:then, 29, 152, 4, 152, 16]": 0
          },
          "[:if, 30, 153, 4, 153, 75]": {
            "[:then, 31, 153, 4, 153, 16]": 0,
            "[:else, 32, 153, 4, 153, 75]": 0
          },
          "[:if, 33, 158, 4, 158, 48]": {
            "[:then, 34, 158, 4, 158, 16]": 0,
            "[:else, 35, 158, 4, 158, 48]": 0
          },
          "[:if, 36, 159, 4, 159, 37]": {
            "[:then, 37, 159, 4, 159, 16]": 0,
            "[:else, 38, 159, 4, 159, 37]": 0
          },
          "[:unless, 39, 160, 4, 160, 51]": {
            "[:else, 40, 160, 4, 160, 51]": 0,
            "[:then, 41, 160, 4, 160, 16]": 0
          },
          "[:unless, 42, 172, 4, 172, 28]": {
            "[:else, 43, 172, 4, 172, 28]": 0,
            "[:then, 44, 172, 4, 172, 12]": 0
          },
          "[:\"&.\", 45, 177, 4, 177, 19]": {
            "[:then, 46, 177, 4, 177, 19]": 0,
            "[:else, 47, 177, 4, 177, 19]": 0
          },
          "[:if, 48, 185, 4, 185, 31]": {
            "[:then, 49, 185, 4, 185, 12]": 0,
            "[:else, 50, 185, 4, 185, 31]": 0
          },
          "[:unless, 51, 190, 4, 190, 32]": {
            "[:else, 52, 190, 4, 190, 32]": 0,
            "[:then, 53, 190, 4, 190, 16]": 0
          },
          "[:if, 54, 191, 4, 191, 35]": {
            "[:then, 55, 191, 4, 191, 16]": 0,
            "[:else, 56, 191, 4, 191, 35]": 0
          },
          "[:if, 57, 196, 4, 196, 44]": {
            "[:then, 58, 196, 4, 196, 21]": 0,
            "[:else, 59, 196, 4, 196, 44]": 0
          },
          "[:if, 60, 206, 4, 206, 34]": {
            "[:then, 61, 206, 4, 206, 15]": 0,
            "[:else, 62, 206, 4, 206, 34]": 0
          },
          "[:unless, 63, 243, 4, 243, 32]": {
            "[:else, 64, 243, 4, 243, 32]": 0,
            "[:then, 65, 243, 4, 243, 14]": 0
          },
          "[:unless, 66, 252, 4, 252, 33]": {
            "[:else, 67, 252, 4, 252, 33]": 0,
            "[:then, 68, 252, 4, 252, 19]": 0
          },
          "[:if, 69, 253, 4, 253, 50]": {
            "[:then, 70, 253, 33, 253, 39]": 0,
            "[:else, 71, 253, 42, 253, 50]": 0
          },
          "[:unless, 72, 257, 4, 257, 37]": {
            "[:else, 73, 257, 4, 257, 37]": 0,
            "[:then, 74, 257, 4, 257, 14]": 0
          },
          "[:\"&.\", 75, 262, 34, 262, 48]": {
            "[:then, 76, 262, 34, 262, 48]": 0,
            "[:else, 77, 262, 34, 262, 48]": 0
          },
          "[:\"&.\", 78, 262, 52, 262, 67]": {
            "[:then, 79, 262, 52, 262, 67]": 0,
            "[:else, 80, 262, 52, 262, 67]": 0
          },
          "[:unless, 81, 262, 4, 262, 110]": {
            "[:else, 82, 262, 4, 262, 110]": 0,
            "[:then, 83, 262, 4, 262, 26]": 0
          },
          "[:unless, 84, 267, 4, 267, 39]": {
            "[:else, 85, 267, 4, 267, 39]": 0,
            "[:then, 86, 267, 4, 267, 16]": 0
          },
          "[:if, 87, 268, 4, 268, 65]": {
            "[:then, 88, 268, 4, 268, 16]": 0,
            "[:else, 89, 268, 4, 268, 65]": 0
          },
          "[:unless, 90, 273, 4, 273, 74]": {
            "[:else, 91, 273, 4, 273, 74]": 0,
            "[:then, 92, 273, 4, 273, 16]": 0
          },
          "[:unless, 93, 278, 4, 278, 28]": {
            "[:else, 94, 278, 4, 278, 28]": 0,
            "[:then, 95, 278, 4, 278, 16]": 0
          },
          "[:if, 96, 279, 4, 279, 33]": {
            "[:then, 97, 279, 4, 279, 16]": 0,
            "[:else, 98, 279, 4, 279, 33]": 0
          },
          "[:if, 99, 280, 4, 282, 7]": {
            "[:then, 100, 281, 6, 281, 51]": 0,
            "[:else, 101, 280, 4, 282, 7]": 0
          },
          "[:case, 102, 284, 4, 300, 7]": {
            "[:when, 103, 287, 6, 287, 10]": 0,
            "[:when, 104, 290, 6, 290, 73]": 0,
            "[:when, 105, 293, 6, 293, 73]": 0,
            "[:when, 106, 296, 6, 296, 88]": 0,
            "[:else, 107, 299, 6, 299, 31]": 0
          },
          "[:unless, 108, 305, 4, 305, 34]": {
            "[:else, 109, 305, 4, 305, 34]": 0,
            "[:then, 110, 305, 4, 305, 14]": 0
          },
          "[:case, 111, 306, 4, 312, 7]": {
            "[:when, 112, 307, 24, 307, 50]": 0,
            "[:when, 113, 308, 24, 308, 51]": 0,
            "[:when, 114, 309, 24, 309, 52]": 0,
            "[:when, 115, 310, 24, 310, 51]": 0,
            "[:else, 116, 306, 4, 312, 7]": 0
          },
          "[:unless, 117, 316, 4, 316, 34]": {
            "[:else, 118, 316, 4, 316, 34]": 0,
            "[:then, 119, 316, 4, 316, 14]": 0
          },
          "[:if, 120, 317, 4, 317, 84]": {
            "[:then, 121, 317, 4, 317, 14]": 0,
            "[:else, 122, 317, 4, 317, 84]": 0
          },
          "[:unless, 123, 320, 4, 320, 33]": {
            "[:else, 124, 320, 4, 320, 33]": 0,
            "[:then, 125, 320, 4, 320, 14]": 0
          },
          "[:if, 126, 343, 4, 343, 34]": {
            "[:then, 127, 343, 20, 343, 28]": 0,
            "[:else, 128, 343, 4, 343, 34]": 0
          },
          "[:if, 129, 348, 4, 350, 7]": {
            "[:then, 130, 349, 6, 349, 56]": 0,
            "[:else, 131, 348, 4, 350, 7]": 0
          },
          "[:unless, 132, 358, 4, 358, 28]": {
            "[:else, 133, 358, 4, 358, 28]": 0,
            "[:then, 134, 358, 4, 358, 16]": 0
          },
          "[:if, 135, 359, 4, 359, 41]": {
            "[:then, 136, 359, 4, 359, 15]": 0,
            "[:else, 137, 359, 4, 359, 41]": 0
          },
          "[:if, 138, 360, 4, 360, 43]": {
            "[:then, 139, 360, 4, 360, 15]": 0,
            "[:else, 140, 360, 4, 360, 43]": 0
          },
          "[:if, 141, 361, 4, 361, 66]": {
            "[:then, 142, 361, 4, 361, 15]": 0,
            "[:else, 143, 361, 4, 361, 66]": 0
          },
          "[:\"&.\", 144, 374, 27, 374, 37]": {
            "[:then, 145, 374, 27, 374, 37]": 0,
            "[:else, 146, 374, 27, 374, 37]": 0
          },
          "[:if, 147, 383, 4, 385, 7]": {
            "[:then, 148, 384, 6, 384, 56]": 0,
            "[:else, 149, 383, 4, 385, 7]": 0
          },
          "[:unless, 150, 389, 4, 389, 42]": {
            "[:else, 151, 389, 4, 389, 42]": 0,
            "[:then, 152, 389, 4, 389, 10]": 0
          },
          "[:if, 153, 392, 15, 392, 101]": {
            "[:then, 154, 392, 45, 392, 78]": 0,
            "[:else, 155, 392, 81, 392, 101]": 0
          },
          "[:unless, 156, 393, 4, 395, 7]": {
            "[:else, 157, 393, 4, 395, 7]": 0,
            "[:then, 158, 394, 6, 394, 61]": 0
          },
          "[:case, 159, 399, 11, 403, 7]": {
            "[:when, 160, 400, 24, 400, 34]": 0,
            "[:when, 161, 401, 24, 401, 32]": 0,
            "[:else, 162, 402, 9, 402, 17]": 0
          },
          "[:unless, 163, 408, 4, 408, 68]": {
            "[:else, 164, 408, 4, 408, 68]": 0,
            "[:then, 165, 408, 4, 408, 10]": 0
          },
          "[:if, 166, 409, 4, 409, 73]": {
            "[:then, 167, 409, 4, 409, 38]": 0,
            "[:else, 168, 409, 4, 409, 73]": 0
          },
          "[:unless, 169, 414, 4, 414, 29]": {
            "[:else, 170, 414, 4, 414, 29]": 0,
            "[:then, 171, 414, 4, 414, 10]": 0
          },
          "[:unless, 172, 415, 4, 415, 33]": {
            "[:else, 173, 415, 4, 415, 33]": 0,
            "[:then, 174, 415, 4, 415, 10]": 0
          },
          "[:if, 175, 416, 4, 416, 29]": {
            "[:then, 176, 416, 4, 416, 10]": 0,
            "[:else, 177, 416, 4, 416, 29]": 0
          },
          "[:if, 178, 417, 4, 417, 73]": {
            "[:then, 179, 417, 4, 417, 48]": 0,
            "[:else, 180, 417, 4, 417, 73]": 0
          },
          "[:unless, 181, 421, 4, 421, 41]": {
            "[:else, 182, 421, 4, 421, 41]": 0,
            "[:then, 183, 421, 4, 421, 10]": 0
          },
          "[:if, 184, 422, 4, 425, 7]": {
            "[:then, 185, 423, 6, 424, 12]": 0,
            "[:else, 186, 422, 4, 425, 7]": 0
          },
          "[:while, 187, 427, 4, 433, 7]": {
            "[:body, 188, 428, 6, 432, 35]": 0
          },
          "[:if, 189, 428, 6, 431, 9]": {
            "[:then, 190, 429, 8, 430, 13]": 0,
            "[:else, 191, 428, 6, 431, 9]": 0
          },
          "[:unless, 192, 438, 4, 438, 85]": {
            "[:else, 193, 438, 4, 438, 85]": 0,
            "[:then, 194, 438, 4, 438, 85]": 0
          },
          "[:if, 195, 443, 4, 443, 39]": {
            "[:then, 196, 443, 4, 443, 10]": 0,
            "[:else, 197, 443, 4, 443, 39]": 0
          },
          "[:if, 198, 444, 4, 444, 134]": {
            "[:then, 199, 444, 4, 444, 73]": 0,
            "[:else, 200, 444, 4, 444, 134]": 0
          },
          "[:if, 201, 445, 4, 445, 134]": {
            "[:then, 202, 445, 4, 445, 74]": 0,
            "[:else, 203, 445, 4, 445, 134]": 0
          },
          "[:if, 204, 446, 4, 448, 7]": {
            "[:then, 205, 447, 6, 447, 64]": 0,
            "[:else, 206, 446, 4, 448, 7]": 0
          },
          "[:if, 207, 452, 4, 454, 7]": {
            "[:then, 208, 453, 6, 453, 91]": 0,
            "[:else, 209, 452, 4, 454, 7]": 0
          },
          "[:if, 210, 462, 4, 462, 51]": {
            "[:then, 211, 462, 4, 462, 22]": 0,
            "[:else, 212, 462, 4, 462, 51]": 0
          },
          "[:unless, 213, 467, 4, 467, 46]": {
            "[:else, 214, 467, 4, 467, 46]": 0,
            "[:then, 215, 467, 4, 467, 14]": 0
          },
          "[:if, 216, 474, 6, 474, 41]": {
            "[:then, 217, 474, 6, 474, 22]": 0,
            "[:else, 218, 474, 6, 474, 41]": 0
          },
          "[:unless, 219, 487, 4, 487, 92]": {
            "[:else, 220, 487, 4, 487, 92]": 0,
            "[:then, 221, 487, 4, 487, 75]": 0
          },
          "[:if, 222, 488, 4, 488, 56]": {
            "[:then, 223, 488, 4, 488, 36]": 0,
            "[:else, 224, 488, 4, 488, 56]": 0
          },
          "[:if, 225, 498, 4, 498, 55]": {
            "[:then, 226, 498, 4, 498, 35]": 0,
            "[:else, 227, 498, 4, 498, 55]": 0
          },
          "[:if, 228, 504, 4, 504, 44]": {
            "[:then, 229, 504, 4, 504, 12]": 0,
            "[:else, 230, 504, 4, 504, 44]": 0
          }
        }
      },
      "/Users/monsoudzanaty/Documents/focusmate-api/app/models/list.rb": {
        "lines": [
          1,
          null,
          1,
          1,
          1,
          1,
          1,
          1,
          null,
          null,
          1,
          1,
          1,
          null,
          null,
          2,
          1,
          null,
          1,
          0,
          0,
          null,
          0,
          0,
          0,
          null,
          0,
          null,
          null,
          null,
          null,
          1,
          1,
          1,
          1,
          null,
          null,
          1,
          1,
          1,
          null,
          1,
          1,
          null,
          null,
          1,
          0,
          null,
          null,
          null,
          1,
          1,
          1,
          null,
          null,
          1,
          0,
          null,
          null,
          1,
          0,
          null,
          null,
          1,
          0,
          null,
          null,
          null,
          1,
          0,
          0,
          null,
          null,
          1,
          1,
          1,
          1,
          null,
          1,
          0,
          null,
          null,
          1,
          0,
          0,
          0,
          0,
          null,
          null,
          1,
          0,
          0,
          0,
          null,
          null,
          1,
          0,
          0,
          0,
          null,
          null,
          null,
          1,
          0,
          null,
          null,
          0,
          null,
          null,
          null,
          null,
          null,
          null,
          null,
          null,
          null,
          1,
          0,
          null,
          null,
          null,
          null,
          null,
          null,
          null,
          null,
          null,
          null,
          null,
          1,
          0,
          null,
          null,
          1,
          0,
          null,
          null,
          1,
          0,
          null,
          null,
          1,
          0,
          null,
          null,
          null,
          1,
          0,
          null,
          null,
          1,
          0,
          null,
          null,
          1,
          0,
          null,
          null,
          null,
          1,
          null,
          0,
          null,
          null,
          1,
          0,
          null,
          null,
          1,
          0,
          0,
          0,
          null,
          0,
          null,
          0,
          0,
          null,
          null,
          null,
          1,
          0,
          null,
          null,
          null,
          null,
          null,
          1,
          1,
          null,
          null,
          1,
          1,
          1,
          null,
          1,
          0,
          0,
          null,
          null,
          1,
          0,
          null,
          null,
          1,
          null,
          0,
          null,
          null,
          null,
          null,
          null,
          null,
          null,
          1,
          null,
          0,
          null,
          null,
          null,
          null,
          null,
          null,
          null,
          null,
          null,
          null,
          null,
          null,
          1,
          1,
          1,
          1,
          1,
          0,
          null,
          null
        ],
        "branches": {
          "[:if, 0, 24, 8, 28, 11]": {
            "[:then, 1, 25, 10, 25, 24]": 0,
            "[:else, 2, 27, 10, 27, 45]": 0
          },
          "[:if, 3, 70, 4, 70, 39]": {
            "[:then, 4, 70, 4, 70, 18]": 0,
            "[:else, 5, 70, 4, 70, 39]": 0
          },
          "[:\"&.\", 6, 71, 4, 71, 41]": {
            "[:then, 7, 71, 4, 71, 41]": 0,
            "[:else, 8, 71, 4, 71, 41]": 0
          },
          "[:if, 9, 84, 4, 84, 36]": {
            "[:then, 10, 84, 4, 84, 15]": 0,
            "[:else, 11, 84, 4, 84, 36]": 0
          },
          "[:if, 12, 85, 4, 85, 34]": {
            "[:then, 13, 85, 4, 85, 15]": 0,
            "[:else, 14, 85, 4, 85, 34]": 0
          },
          "[:\"&.\", 15, 87, 4, 87, 20]": {
            "[:then, 16, 87, 4, 87, 20]": 0,
            "[:else, 17, 87, 4, 87, 20]": 0
          },
          "[:if, 18, 91, 4, 91, 36]": {
            "[:then, 19, 91, 4, 91, 15]": 0,
            "[:else, 20, 91, 4, 91, 36]": 0
          },
          "[:if, 21, 92, 4, 92, 39]": {
            "[:then, 22, 92, 4, 92, 15]": 0,
            "[:else, 23, 92, 4, 92, 39]": 0
          },
          "[:\"&.\", 24, 93, 4, 93, 51]": {
            "[:then, 25, 93, 4, 93, 51]": 0,
            "[:else, 26, 93, 4, 93, 51]": 0
          },
          "[:if, 27, 97, 4, 97, 36]": {
            "[:then, 28, 97, 4, 97, 15]": 0,
            "[:else, 29, 97, 4, 97, 36]": 0
          },
          "[:if, 30, 98, 4, 98, 34]": {
            "[:then, 31, 98, 4, 98, 15]": 0,
            "[:else, 32, 98, 4, 98, 34]": 0
          },
          "[:\"&.\", 33, 99, 4, 99, 54]": {
            "[:then, 34, 99, 4, 99, 54]": 0,
            "[:else, 35, 99, 4, 99, 54]": 0
          },
          "[:\"&.\", 36, 131, 4, 131, 44]": {
            "[:then, 37, 131, 4, 131, 44]": 0,
            "[:else, 38, 131, 4, 131, 44]": 0
          },
          "[:\"&.\", 39, 139, 4, 139, 53]": {
            "[:then, 40, 139, 4, 139, 53]": 0,
            "[:else, 41, 139, 4, 139, 53]": 0
          },
          "[:\"&.\", 42, 143, 4, 143, 68]": {
            "[:then, 43, 143, 4, 143, 68]": 0,
            "[:else, 44, 143, 4, 143, 68]": 0
          },
          "[:\"&.\", 45, 152, 4, 152, 44]": {
            "[:then, 46, 152, 4, 152, 44]": 0,
            "[:else, 47, 152, 4, 152, 44]": 0
          },
          "[:if, 48, 162, 4, 162, 47]": {
            "[:then, 49, 162, 29, 162, 37]": 0,
            "[:else, 50, 162, 40, 162, 47]": 0
          },
          "[:if, 51, 170, 4, 170, 29]": {
            "[:then, 52, 170, 4, 170, 16]": 0,
            "[:else, 53, 170, 4, 170, 29]": 0
          },
          "[:if, 54, 171, 4, 171, 28]": {
            "[:then, 55, 171, 4, 171, 16]": 0,
            "[:else, 56, 171, 4, 171, 28]": 0
          },
          "[:if, 57, 172, 4, 172, 50]": {
            "[:then, 58, 172, 4, 172, 15]": 0,
            "[:else, 59, 172, 4, 172, 50]": 0
          },
          "[:if, 60, 174, 4, 174, 76]": {
            "[:then, 61, 174, 4, 174, 15]": 0,
            "[:else, 62, 174, 4, 174, 76]": 0
          },
          "[:if, 63, 176, 4, 176, 56]": {
            "[:then, 64, 176, 4, 176, 15]": 0,
            "[:else, 65, 176, 4, 176, 56]": 0
          },
          "[:if, 66, 193, 29, 193, 125]": {
            "[:then, 67, 193, 61, 193, 82]": 0,
            "[:else, 68, 193, 85, 193, 125]": 0
          },
          "[:if, 69, 197, 4, 197, 32]": {
            "[:then, 70, 197, 4, 197, 12]": 0,
            "[:else, 71, 197, 4, 197, 32]": 0
          }
        }
      },
      "/Users/monsoudzanaty/Documents/focusmate-api/app/models/notification_log.rb": {
        "lines": [
          null,
          1,
          1,
          1,
          null,
          1,
          1,
          null,
          1,
          1,
          1,
          1,
          1,
          null,
          2,
          null,
          1,
          1,
          null,
          null,
          1,
          1,
          null,
          0,
          null,
          0,
          null,
          null,
          null,
          null,
          1,
          1,
          null,
          0,
          null,
          null,
          null,
          2,
          1,
          1,
          1,
          1,
          null,
          null,
          1,
          1,
          1,
          1,
          1,
          1,
          null,
          null,
          1,
          1,
          null,
          1,
          1,
          0,
          0,
          null,
          1,
          1,
          null,
          null,
          1,
          1,
          0,
          2,
          0,
          0,
          null,
          null,
          null,
          null,
          1,
          1,
          null,
          1,
          0,
          0,
          0,
          null,
          null,
          1,
          1,
          null,
          null,
          1,
          0,
          0,
          null,
          null,
          1,
          0,
          null,
          null,
          1,
          0,
          null,
          0,
          0,
          0,
          0,
          0,
          null,
          null,
          null,
          1,
          0,
          0,
          0,
          0,
          0,
          0,
          null,
          null,
          null,
          1,
          0,
          null,
          null,
          1,
          null,
          0,
          null,
          null,
          null,
          null,
          null,
          null,
          null,
          null,
          null,
          null,
          null,
          1,
          null,
          0,
          null,
          null,
          null,
          null,
          null,
          null,
          null,
          null,
          null,
          null,
          null,
          null,
          1,
          null,
          0,
          null,
          null,
          null,
          null,
          null,
          null,
          null,
          1,
          null,
          0,
          null,
          null,
          null,
          null,
          null,
          null,
          null,
          null,
          null,
          null,
          null,
          null,
          null,
          null,
          null,
          null,
          null
        ],
        "branches": {
          "[:if, 0, 15, 22, 15, 62]": {
            "[:then, 1, 15, 22, 15, 44]": 0,
            "[:else, 2, 15, 22, 15, 62]": 1
          },
          "[:if, 3, 18, 4, 18, 27]": {
            "[:then, 4, 18, 4, 18, 10]": 0,
            "[:else, 5, 18, 4, 18, 27]": 1
          },
          "[:if, 6, 22, 4, 28, 7]": {
            "[:then, 7, 24, 8, 26, 52]": 0,
            "[:else, 8, 22, 4, 28, 7]": 1
          },
          "[:if, 9, 32, 4, 32, 89]": {
            "[:then, 10, 32, 4, 32, 10]": 1,
            "[:else, 11, 32, 4, 32, 89]": 0
          },
          "[:if, 12, 45, 42, 45, 66]": {
            "[:then, 13, 45, 58, 45, 62]": 0,
            "[:else, 14, 45, 65, 45, 66]": 0
          },
          "[:if, 15, 46, 42, 46, 66]": {
            "[:then, 16, 46, 58, 46, 62]": 0,
            "[:else, 17, 46, 65, 46, 66]": 0
          },
          "[:case, 18, 56, 6, 60, 9]": {
            "[:when, 19, 57, 23, 57, 26]": 1,
            "[:when, 20, 58, 23, 58, 50]": 0,
            "[:else, 21, 59, 11, 59, 13]": 0
          },
          "[:case, 22, 66, 4, 71, 7]": {
            "[:when, 23, 67, 22, 67, 52]": 0,
            "[:when, 24, 68, 22, 68, 85]": 1,
            "[:when, 25, 69, 22, 69, 55]": 0,
            "[:else, 26, 70, 9, 70, 39]": 0
          },
          "[:unless, 27, 89, 4, 89, 30]": {
            "[:else, 28, 89, 4, 89, 30]": 0,
            "[:then, 29, 89, 4, 89, 12]": 0
          },
          "[:if, 30, 98, 4, 98, 55]": {
            "[:then, 31, 98, 4, 98, 31]": 0,
            "[:else, 32, 98, 4, 98, 55]": 0
          },
          "[:case, 33, 100, 4, 105, 7]": {
            "[:when, 34, 101, 29, 101, 35]": 0,
            "[:when, 35, 102, 30, 102, 38]": 0,
            "[:when, 36, 103, 36, 103, 41]": 0,
            "[:else, 37, 104, 9, 104, 17]": 0
          },
          "[:case, 38, 109, 4, 115, 7]": {
            "[:when, 39, 110, 21, 110, 27]": 0,
            "[:when, 40, 111, 23, 111, 31]": 0,
            "[:when, 41, 112, 25, 112, 35]": 0,
            "[:when, 42, 113, 23, 113, 31]": 0,
            "[:else, 43, 114, 9, 114, 18]": 0
          }
        }
      },
      "/Users/monsoudzanaty/Documents/focusmate-api/app/channels/application_cable/channel.rb": {
        "lines": [
          0,
          0,
          0,
          0
        ],
        "branches": {}
      },
[...]
          0,
          null,
          0,
          0,
          0,
          0,
          0,
          0,
          0,
          0,
          0,
          null,
          null,
          0,
          0,
          0,
          null,
          null,
          0,
          0,
          0,
          null,
          0,
          0,
          0,
          null,
          0,
          0,
          0,
          0
        ],
        "branches": {}
      },
      "/Users/monsoudzanaty/Documents/focusmate-api/app/services/coaching_relationship_manager.rb": {
        "lines": [
          null,
          null,
          0,
          0,
          0,
          0,
          0,
          null,
          0,
          0,
          0,
          0,
          0,
          0,
          null,
          0,
          0,
          0,
          0,
          0,
          0,
          0,
          0,
          null,
          0,
          0,
          0,
          0,
          null,
          0,
          0,
          0,
          0,
          null,
          0,
          0,
          0,
          0,
          null,
          0,
          null,
          0,
          0,
          0,
          0,
          null,
          0,
          null,
          0,
          0,
          0,
          0,
          0,
          0,
          0,
          0,
          0,
          0,
          null,
          0,
          0,
          0
        ],
        "branches": {}
      },
      "/Users/monsoudzanaty/Documents/focusmate-api/app/services/daily_summary_calculator.rb": {
        "lines": [
          null,
          null,
          0,
          0,
          0,
          0,
          0,
          null,
          0,
          0,
          0,
          0,
          0,
          0,
          0,
          0,
          0,
          0,
          0,
          0,
          0,
          0,
          0,
          0,
          0,
          null,
          0,
          null,
          0,
          0,
          0,
          null,
          0,
          0,
          0,
          null,
          0,
          0,
          0,
          null,
          0,
          null,
          0,
          0,
          null,
          0,
          0,
          0,
          null,
          0,
          0,
          0,
          0,
          0,
          null,
          0,
          0,
          0,
          null,
          0,
          0,
          0,
          null,
          0,
          0,
          0,
          null,
          0,
          0,
          0,
          0,
          0,
          null,
          0,
          0,
          0,
          null,
          0,
          0,
          0,
          0
        ],
        "branches": {}
      },
      "/Users/monsoudzanaty/Documents/focusmate-api/app/services/dashboard_data_service.rb": {
        "lines": [
          null,
          null,
          0,
          null,
          0,
          0,
          0,
          0,
          0,
          0,
          null,
          0,
          0,
          0,
          0,
          0,
          null,
          0,
          null,
          0,
          0,
          0,
          null,
          null,
          0,
          null,
          0,
          0,
          0,
          null,
          0,
          0,
          0,
          0,
          0,
          null,
          0,
          0,
          0,
          null,
          0,
          0,
          0,
          null,
          null,
          0,
          0,
          0,
          0,
          0,
          null,
          null,
          0,
          0,
          null,
          0,
          0,
          0,
          0,
          null,
          0,
          null,
          0,
          0,
          0,
          null,
          null,
          0,
          null,
          null,
          0,
          0,
          0,
          0,
          0,
          0,
          0,
          0,
          0,
          0,
          0,
          0,
          0,
          null,
          null,
          0,
          0,
          0,
          0,
          0,
          null,
          null,
          0,
          0,
          null,
          0,
          0,
          0,
          0,
          null,
          0,
          null,
          0,
          0,
          0,
          0,
          0,
          0,
          null,
          0,
          0,
          0,
          0,
          0,
          0,
          0,
          0,
          null,
          0,
          null,
          0,
          0,
          0,
          0,
          0,
          0,
          0,
          0,
          null,
          0,
          null,
          0,
          0,
          0,
          null,
          null,
          0,
          0,
          0,
          0,
          0,
          0,
          0,
          null,
          0,
          0,
          0,
          0,
          0,
          0,
          null,
          0,
          null,
          0,
          0,
          0,
          null,
          null,
          0,
          0,
          0,
          0,
          0,
          0,
          0,
          0,
          null,
          0,
          null,
          null,
          0,
          0,
          0,
          null,
          0,
          0,
          0,
          0,
          null,
          0,
          0,
          null,
          0,
          0,
          0,
          0,
          0,
          0,
          0,
          0,
          0,
          0,
          0,
          0,
          null,
          0,
          0,
          0,
          0,
          null,
          0,
          0,
          0,
          0,
          0,
          0,
          0,
          0,
          0,
          null,
          0,
          0,
          0,
          0,
          null,
          0,
          0,
          0,
          null,
          0,
          0,
          0,
          null,
          0,
          0,
          0,
          0,
          null,
          0,
          0,
          null,
          0,
          0,
          null,
          0,
          0,
          0,
          0,
          null,
          0,
          0,
          0,
          null,
          0,
          0,
          0,
          0,
          0,
          null,
          0,
          0,
          null,
          0,
          0,
          null,
          0,
          0,
          0,
          null,
          0,
          0,
          0,
          null,
          0,
          null,
          0,
          0,
          0,
          0,
          0,
          0,
          null,
          0,
          0,
          0,
          0,
          0,
          0,
          0,
          0,
          0,
          0,
          null,
          0,
          null,
          0,
          0,
          0,
          0,
          0,
          null,
          0,
          0,
          0,
          0,
          0,
          0,
          0,
          0,
          0,
          0,
          null,
          0,
          null,
          0,
          0,
          0,
          0,
          0,
          0,
          null,
          0,
          0,
          0,
          0,
          0,
          0,
          0,
          0,
          0,
          0,
          null,
          0,
          0,
          null,
          0,
          0,
          null,
          0,
          0,
          0,
          0,
          null,
          null,
          0,
          0,
          0,
          0,
          0,
          0,
          0,
          0,
          0,
          null,
          0,
          0,
          0,
          0,
          0,
          0,
          0,
          0,
          0,
          0
        ],
        "branches": {}
      },
      "/Users/monsoudzanaty/Documents/focusmate-api/app/services/location_service.rb": {
        "lines": [
          null,
          null,
          0,
          0,
          null,
          0,
          0,
          0,
          0,
          null,
          0,
          0,
          0,
          0,
          0,
          0,
          0,
          0,
          null,
          0,
          0,
          0,
          null,
          0,
          null,
          0,
          0
        ],
        "branches": {}
      },
      "/Users/monsoudzanaty/Documents/focusmate-api/app/services/notifications/push.rb": {
        "lines": [
          null,
          null,
          0,
          0,
          0,
          0,
          0,
          null,
          0,
          0,
          0,
          0,
          0,
          0,
          0,
          0,
          0,
          0,
          null,
          null,
          0,
          0,
          0,
          null,
          null,
          0,
          0,
          0,
          0,
          0,
          0,
          0,
          0,
          0,
          0,
          0,
          0,
          0,
          0,
          0,
          0,
          0,
          0,
          0,
          null,
          null,
          0,
          0,
          0,
          0,
          0,
          0,
          null,
          0,
          0,
          0,
          0,
          0,
          0,
          0,
          null,
          null,
          0,
          0,
          0,
          0,
          0,
          0,
          0,
          0,
          0,
          0,
          null,
          null,
          0,
          0,
          0,
          0,
          0,
          0,
          0,
          0,
          0,
          0
        ],
        "branches": {}
      },
      "/Users/monsoudzanaty/Documents/focusmate-api/app/services/task_creation_service.rb": {
        "lines": [
          null,
          null,
          0,
          0,
          0,
          0,
          0,
          0,
          null,
          0,
          null,
          0,
          0,
          0,
          0,
          0,
          0,
          0,
          null,
          0,
          null,
          0,
          0,
          null,
          null,
          0,
          0,
          0,
          0,
          null,
          0,
          null,
          0,
          null,
          null,
          0,
          null,
          null,
          0,
          0,
          null,
          0,
          0,
          0,
          null,
          0,
          0,
          0,
          0,
          0,
          0,
          0,
          0,
          null,
          0,
          0,
          0,
          0,
          0,
          0,
          null,
          0,
          0,
          0,
          0,
          0,
          0,
          0,
          0,
          0,
          0,
          0,
          0,
          0,
          0,
          null,
          0,
          0,
          null,
          null,
          0,
          0,
          0,
          0,
          0,
          null,
          0,
          0,
          0,
          0,
          0,
          0,
          0,
          0,
          null,
          0,
          null,
          0,
          0,
          0,
          0,
          0,
          0,
          null,
          0,
          0,
          0,
          null,
          null,
          0,
          0,
          0,
          null,
          0,
          0,
          null,
          0,
          0,
          null,
          0,
          0,
          null,
          0,
          0,
          0,
          0,
          0,
          0,
          0,
          0,
          0,
          null,
          0,
          null,
          0,
          null,
          null,
          null,
          null,
          null,
          0,
          0
        ],
        "branches": {}
      },
      "/Users/monsoudzanaty/Documents/focusmate-api/app/workers/cleanup_completed_tasks_worker.rb": {
        "lines": [
          0,
          0,
          null,
          0,
          null,
          0,
          null,
          null,
          null,
          0,
          null,
          null,
          0,
          0,
          0,
          null,
          0,
          null,
          0,
          null,
          null,
          null,
          null,
          null,
          null,
          null,
          0,
          0,
          0
        ],
        "branches": {}
      },
      "/Users/monsoudzanaty/Documents/focusmate-api/app/workers/cleanup_old_notifications_worker.rb": {
        "lines": [
          0,
          0,
          null,
          0,
          null,
          0,
          0,
          null,
          null,
          0,
          0,
          null,
          0,
          null,
          null,
          0,
          0,
          null,
          0,
          null,
          null,
          0,
          0,
          0,
          0,
          null,
          0,
          0,
          0
        ],
        "branches": {}
      },
      "/Users/monsoudzanaty/Documents/focusmate-api/app/workers/daily_summary_worker.rb": {
        "lines": [
          0,
          0,
          null,
          0,
          null,
          0,
          0,
          0,
          null,
          null,
          0,
          0,
          0,
          0,
          0,
          null,
          null,
          0,
          0,
          0,
          0,
          null,
          0,
          0,
          null,
          0,
          null,
          0,
          0,
          null,
          null,
          0,
          null,
          0,
          0,
          0,
          0,
          null,
          0,
          null,
          0,
          0,
          0,
          0,
          0,
          0,
          0,
          0,
          0
        ],
        "branches": {}
      },
      "/Users/monsoudzanaty/Documents/focusmate-api/app/workers/item_escalation_worker.rb": {
        "lines": [
          0,
          0,
          null,
          0,
          null,
          0,
          0,
          null,
          null,
          0,
          0,
          0,
          null,
          0,
          null,
          0,
          0,
          0,
          null,
          0,
          0,
          null,
          0,
          null,
          0,
          0,
          null,
          null,
          0,
          0,
          0,
          0,
          0,
          null,
          null,
          0,
          0,
          null,
          null,
          0,
          0,
          null,
          null,
          0,
          0,
          0,
          null,
          null,
          0,
          null,
          null,
          0,
          null,
          null,
          0,
          0,
          0,
          0,
          null,
          null,
          0,
          0,
          0,
          0,
          0,
          null,
          0,
          0,
          0,
          0,
          null,
          0,
          0,
          null,
          0,
          0,
          0,
          0,
          0,
          0,
          0,
          0,
          0,
          0,
          0,
          0,
          0,
          0,
          0,
          0,
          0,
          0,
          0,
          0,
          0,
          0,
          0,
          0,
          0,
          0,
          0,
          0,
          0,
          0,
          null,
          0,
          0,
          0,
          0,
          0,
          null,
          0,
          0,
          0,
          0,
          0,
          null,
          null,
          0,
          null,
          null,
          0,
          0,
          0,
          0,
          0,
          0
        ],
        "branches": {}
      },
      "/Users/monsoudzanaty/Documents/focusmate-api/app/workers/location_check_worker.rb": {
        "lines": [
          0,
          0,
          null,
          0,
          null,
          0,
          0,
          null,
          0,
          null,
          null,
          0,
          0,
          0,
          0,
          0,
          0,
          null,
          null,
          0,
          0,
          0,
          0,
          null,
          0,
          null,
          0,
          0,
          0,
          null,
          0,
          0,
          0,
          0,
          0,
          0,
          null,
          0,
          null,
          0,
          null,
          0,
          0,
          0,
          0,
          0,
          null,
          0,
          null,
          null,
          0,
          0,
          0,
          0,
          null,
          0,
          0,
          0,
          0,
          0,
          0,
          0,
          0,
          0,
          0,
          null,
          null,
          0,
          null,
          0,
          0,
          null,
          0,
          null,
          0,
          0,
          0,
          null,
          0,
          0,
          0,
          0
        ],
        "branches": {}
      },
      "/Users/monsoudzanaty/Documents/focusmate-api/app/workers/recurring_task_generator_worker.rb": {
        "lines": [
          0,
          0,
          null,
          0,
          null,
          0,
          0,
          null,
          null,
          0,
          null,
          0,
          null,
          0,
          0,
          0,
          null,
          0,
          0,
          null,
          0,
          null,
          0,
          null,
          0,
          null,
          0,
          null,
          null,
          0,
          0,
          0,
          0,
          null,
          null,
          0,
          0,
          null,
          0,
          0,
          null,
          null,
          0,
          0,
          0,
          null,
          0,
          0,
          0,
          null,
          null,
          0,
          0,
          null,
          null,
          0,
          0,
          0,
          null,
          0,
          0,
          0,
          null,
          0,
          0,
          0,
          0,
          null,
          0,
          null,
          0,
          0,
          0,
          0,
          0,
          0,
          null,
          0,
          0,
          0,
          0,
          0,
          0,
          0,
          0,
          0,
          0,
          0,
          0,
          0,
          0,
          0,
          0,
          0,
          0,
          null,
          0,
          null,
          null,
          0,
          null,
          0,
          0,
          null,
          0,
          0,
          0,
          0,
          0,
          0,
          null,
          null,
          0,
          0,
          0,
          0,
          0,
          null,
          0,
          0,
          0,
          0,
          0,
          0,
          0,
          0,
          0,
          0
        ],
        "branches": {}
      },
      "/Users/monsoudzanaty/Documents/focusmate-api/app/workers/task_completion_handler_worker.rb": {
        "lines": [
          0,
          0,
          null,
          0,
          null,
          0,
          0,
          null,
          0,
          null,
          null,
          0,
          0,
          0,
          0,
          null,
          null,
          0,
          0,
          0,
          0,
          null,
          null,
          0,
          0,
          0,
          0,
          0,
          0,
          null,
          null,
          0,
          0,
          0,
          0,
          0,
          0,
          0,
          null,
          0,
          0,
          0,
          0,
          0,
          0,
          0,
          0
        ],
        "branches": {}
      },
      "/Users/monsoudzanaty/Documents/focusmate-api/app/workers/test_notification_worker.rb": {
        "lines": [
          0,
          0,
          null,
          0,
          null,
          0,
          0,
          null,
          0,
          null,
          0,
          null,
          0,
          0,
          0,
          0
        ],
        "branches": {}
      }
    },
    "timestamp": 1761708390
  }
}
